"../../../../GitHub Local Repo/DES203-Group-15/Content/Characters/Player/ArmsMustReplace/M_BasicHand_02.uasset" 0
"../../../../GitHub Local Repo/DES203-Group-15/Content/Characters/Player/ArmsMustReplace/M_BasicHand_01.uasset" 1
"../../../../GitHub Local Repo/DES203-Group-15/Content/Characters/Player/ArmsMustReplace/SM_BasicHand.uasset" 2
"../../../../GitHub Local Repo/DES203-Group-15/Content/CoreEngine/FirstPerson/Character/Textures/UE4_LOGO_CARD.uasset" 3
"../../../../GitHub Local Repo/DES203-Group-15/Content/CoreEngine/FirstPerson/FPWeapon/Materials/MaterialLayers/ML_Plastic_Shiny_Beige_LOGO.uasset" 4
"../../../../GitHub Local Repo/DES203-Group-15/Content/CoreEngine/FirstPerson/FPWeapon/Materials/MaterialLayers/T_ML_FineRubber.uasset" 5
"../../../../GitHub Local Repo/DES203-Group-15/Content/CoreEngine/FirstPerson/FPWeapon/Mesh/SK_FPGun_PhysicsAsset.uasset" 6
"../../../../GitHub Local Repo/DES203-Group-15/Content/CoreEngine/FirstPersonBP/FirstPersonOverview.uasset" 7
"../../../../GitHub Local Repo/DES203-Group-15/Content/CoreEngine/FirstPersonBP/Blueprints/M_InteractOutline.uasset" 8
"../../../../GitHub Local Repo/DES203-Group-15/Content/CoreEngine/Geometry/Meshes/CubeMaterial.uasset" 9
"../../../../GitHub Local Repo/DES203-Group-15/Content/CoreEngine/Geometry/Meshes/1M_Cube_Chamfer.uasset" 10
"../../../../GitHub Local Repo/DES203-Group-15/Content/CoreEngine/Geometry/Meshes/TemplateFloor.uasset" 11
"../../../../GitHub Local Repo/DES203-Group-15/Content/Mannequin/Character/Mesh/UE4_Mannequin_Skeleton.uasset" 12
"../../../../GitHub Local Repo/DES203-Group-15/Content/Mannequin/Animations/ThirdPersonJump_Loop.uasset" 13
"../../../../GitHub Local Repo/DES203-Group-15/Content/Mannequin/Animations/ThirdPersonJump_Start.uasset" 14
"../../../Engine/Content/EditorBlueprintResources/StandardMacros.uasset" 15
"../../../../GitHub Local Repo/DES203-Group-15/Content/Mannequin/Animations/ThirdPerson_Jump.uasset" 16
"../../../../GitHub Local Repo/DES203-Group-15/Content/Mannequin/Animations/ThirdPersonIdle.uasset" 17
"../../../../GitHub Local Repo/DES203-Group-15/Content/Mannequin/Animations/ThirdPersonRun.uasset" 18
"../../../../GitHub Local Repo/DES203-Group-15/Content/Mannequin/Animations/ThirdPersonWalk.uasset" 19
"../../../../GitHub Local Repo/DES203-Group-15/Content/Mannequin/Animations/ThirdPerson_IdleRun_2D.uasset" 20
"../../../../GitHub Local Repo/DES203-Group-15/Content/Mannequin/Animations/ThirdPerson_AnimBP.uasset" 21
"../../../Engine/Content/Functions/Engine_MaterialFunctions02/Utility/BlendAngleCorrectedNormals.uasset" 22
"../../../Engine/Content/Functions/MaterialLayerFunctions/MatLayerBlend_NormalBlend.uasset" 23
"../../../Engine/Content/Functions/MaterialLayerFunctions/MatLayerBlend_Simple.uasset" 24
"../../../../GitHub Local Repo/DES203-Group-15/Content/Mannequin/Character/Materials/MaterialLayers/T_ML_Aluminum01.uasset" 25
"../../../../GitHub Local Repo/DES203-Group-15/Content/Mannequin/Character/Materials/MaterialLayers/T_ML_Aluminum01_N.uasset" 26
"../../../../GitHub Local Repo/DES203-Group-15/Content/Mannequin/Character/Materials/MaterialLayers/T_ML_Rubber_Blue_01_D.uasset" 27
"../../../../GitHub Local Repo/DES203-Group-15/Content/Mannequin/Character/Materials/MaterialLayers/T_ML_Rubber_Blue_01_N.uasset" 28
"../../../../GitHub Local Repo/DES203-Group-15/Content/Mannequin/Character/Textures/T_Male_N.uasset" 29
"../../../../GitHub Local Repo/DES203-Group-15/Content/Mannequin/Character/Textures/T_UE4Logo_Mask.uasset" 30
"../../../../GitHub Local Repo/DES203-Group-15/Content/Mannequin/Character/Materials/MaterialLayers/ML_GlossyBlack_Latex_UE4.uasset" 31
"../../../../GitHub Local Repo/DES203-Group-15/Content/Mannequin/Character/Materials/MaterialLayers/ML_Plastic_Shiny_Beige.uasset" 32
"../../../../GitHub Local Repo/DES203-Group-15/Content/Mannequin/Character/Materials/MaterialLayers/ML_Plastic_Shiny_Beige_LOGO.uasset" 33
"../../../../GitHub Local Repo/DES203-Group-15/Content/Mannequin/Character/Materials/MaterialLayers/ML_SoftMetal_UE4.uasset" 34
"../../../../GitHub Local Repo/DES203-Group-15/Content/Mannequin/Character/Textures/T_Male_Mask.uasset" 35
"../../../../GitHub Local Repo/DES203-Group-15/Content/Mannequin/Character/Materials/M_Male_Body.uasset" 36
"../../../../GitHub Local Repo/DES203-Group-15/Content/Mannequin/Character/Textures/T_UE4Logo_N.uasset" 37
"../../../../GitHub Local Repo/DES203-Group-15/Content/Mannequin/Character/Materials/M_UE4Man_ChestLogo.uasset" 38
"../../../../GitHub Local Repo/DES203-Group-15/Content/Mannequin/Character/Mesh/SK_Mannequin_PhysicsAsset.uasset" 39
"../../../../GitHub Local Repo/DES203-Group-15/Content/Mannequin/Character/Mesh/SK_Mannequin.uasset" 40
"../../../../GitHub Local Repo/DES203-Group-15/Content/CoreEngine/ThirdPersonBP/Blueprints/ThirdPersonCharacter.uasset" 41
"../../../../GitHub Local Repo/DES203-Group-15/Content/Mannequin/Character/Textures/T_Female_Mask.uasset" 42
"../../../../GitHub Local Repo/DES203-Group-15/Content/Mannequin/Character/Textures/T_Female_N.uasset" 43
"../../../../GitHub Local Repo/DES203-Group-15/Content/Mannequin/Character/Materials/MI_Female_Body.uasset" 44
"../../../../GitHub Local Repo/DES203-Group-15/Content/Mannequin/Character/Mesh/SK_Mannequin_Female_PhysicsAsset.uasset" 45
"../../../../GitHub Local Repo/DES203-Group-15/Content/Mannequin/Character/Mesh/SK_Mannequin_Female.uasset" 46
"../../../../GitHub Local Repo/DES203-Group-15/Content/StarterContent/Materials/M_Basic_Wall.uasset" 47
"../../../../GitHub Local Repo/DES203-Group-15/Content/StarterContent/Architecture/Pillar_50x500.uasset" 48
"../../../../GitHub Local Repo/DES203-Group-15/Content/Characters/Enemy/Trojan/Rings_TXTR.uasset" 49
"../../../../GitHub Local Repo/DES203-Group-15/Content/Characters/Enemy/Trojan/Rings.uasset" 50
"../../../../GitHub Local Repo/DES203-Group-15/Content/made_texters/T_Floor_Bathroom_r.uasset" 51
"../../../../GitHub Local Repo/DES203-Group-15/Content/made_texters/T_Floor_Bathroom_n.uasset" 52
"../../../../GitHub Local Repo/DES203-Group-15/Content/made_texters/T_Floor_Bathroom_m.uasset" 53
"../../../../GitHub Local Repo/DES203-Group-15/Content/made_texters/T_Floor_Bathroom_bc.uasset" 54
"../../../../GitHub Local Repo/DES203-Group-15/Content/made_texters/T_Floor_Bathroom_ao.uasset" 55
"../../../../GitHub Local Repo/DES203-Group-15/Content/made_texters/M_Floor_Bathroom.uasset" 56
"../../../../GitHub Local Repo/DES203-Group-15/Content/made_texters/bathroom_floor.uasset" 57
"../../../../GitHub Local Repo/DES203-Group-15/Content/made_texters/T_Wall_Bathroom_r.uasset" 58
"../../../../GitHub Local Repo/DES203-Group-15/Content/made_texters/T_Wall_Bathroom_n.uasset" 59
"../../../../GitHub Local Repo/DES203-Group-15/Content/made_texters/T_Wall_Bathroom_h.uasset" 60
"../../../../GitHub Local Repo/DES203-Group-15/Content/made_texters/T_Wall_Bathroom_bc.uasset" 61
"../../../../GitHub Local Repo/DES203-Group-15/Content/made_texters/T_Wall_Bathroom_ao.uasset" 62
"../../../../GitHub Local Repo/DES203-Group-15/Content/made_texters/M_Wall_Bathroom.uasset" 63
"../../../../GitHub Local Repo/DES203-Group-15/Content/made_texters/bathroom_wall.uasset" 64
"../../../../GitHub Local Repo/DES203-Group-15/Content/made_texters/T_Hall_1_r.uasset" 65
"../../../../GitHub Local Repo/DES203-Group-15/Content/made_texters/T_Hall_1_n.uasset" 66
"../../../../GitHub Local Repo/DES203-Group-15/Content/made_texters/T_Hall_1_m.uasset" 67
"../../../../GitHub Local Repo/DES203-Group-15/Content/made_texters/T_Hall_1_bc.uasset" 68
"../../../../GitHub Local Repo/DES203-Group-15/Content/made_texters/T_Hall_1_ao.uasset" 69
"../../../../GitHub Local Repo/DES203-Group-15/Content/made_texters/M_Hall_1.uasset" 70
"../../../../GitHub Local Repo/DES203-Group-15/Content/made_texters/hall.uasset" 71
"../../../../GitHub Local Repo/DES203-Group-15/Content/made_texters/T_Hall_2_r.uasset" 72
"../../../../GitHub Local Repo/DES203-Group-15/Content/made_texters/T_Hall_2_n.uasset" 73
"../../../../GitHub Local Repo/DES203-Group-15/Content/made_texters/T_Hall_2_m.uasset" 74
"../../../../GitHub Local Repo/DES203-Group-15/Content/made_texters/T_Hall_2_bc.uasset" 75
"../../../../GitHub Local Repo/DES203-Group-15/Content/made_texters/T_Hall_2_ao.uasset" 76
"../../../../GitHub Local Repo/DES203-Group-15/Content/made_texters/M_Hall_2.uasset" 77
"../../../../GitHub Local Repo/DES203-Group-15/Content/made_texters/hall2.uasset" 78
"../../../../GitHub Local Repo/DES203-Group-15/Content/made_texters/T_Wall_Bathroom_m.uasset" 79
"../../../../GitHub Local Repo/DES203-Group-15/Content/made_texters/M_Wall_Bumpy.uasset" 80
"../../../../GitHub Local Repo/DES203-Group-15/Content/made_texters/wall2.uasset" 81
"../../../../GitHub Local Repo/DES203-Group-15/Content/StarterContent/Textures/T_Concrete_Tiles_N.uasset" 82
"../../../../GitHub Local Repo/DES203-Group-15/Content/StarterContent/Textures/T_Concrete_Tiles_M.uasset" 83
"../../../../GitHub Local Repo/DES203-Group-15/Content/StarterContent/Textures/T_Concrete_Tiles_D.uasset" 84
"../../../../GitHub Local Repo/DES203-Group-15/Content/made_texters/M_Wall_Slabs.uasset" 85
"../../../../GitHub Local Repo/DES203-Group-15/Content/made_texters/walls.uasset" 86
"../../../../GitHub Local Repo/DES203-Group-15/Content/Props/pSphere2Mat.uasset" 87
"../../../../GitHub Local Repo/DES203-Group-15/Content/Props/Clock.uasset" 88
"../../../../GitHub Local Repo/DES203-Group-15/Content/Props/pCube8Mat.uasset" 89
"../../../../GitHub Local Repo/DES203-Group-15/Content/Props/Desk.uasset" 90
"../../../../GitHub Local Repo/DES203-Group-15/Content/Props/pCube5Mat.uasset" 91
"../../../../GitHub Local Repo/DES203-Group-15/Content/Props/Monitor.uasset" 92
"../../../../GitHub Local Repo/DES203-Group-15/Content/Props/M_Can.uasset" 93
"../../../../GitHub Local Repo/DES203-Group-15/Content/Props/pPlane2Mat.uasset" 94
"../../../../GitHub Local Repo/DES203-Group-15/Content/Props/Portrait.uasset" 95
"../../../../GitHub Local Repo/DES203-Group-15/Content/Props/M_Mouse_Scroller.uasset" 96
"../../../../GitHub Local Repo/DES203-Group-15/Content/Props/M_Mouse_Base.uasset" 97
"../../../../GitHub Local Repo/DES203-Group-15/Content/Props/SM_Mouse.uasset" 98
"../../../../GitHub Local Repo/DES203-Group-15/Content/Props/M_Pencil_Holder.uasset" 99
"../../../../GitHub Local Repo/DES203-Group-15/Content/Props/SM_PencilHolder.uasset" 100
"../../../../GitHub Local Repo/DES203-Group-15/Content/Props/pCube6Mat.uasset" 101
"../../../../GitHub Local Repo/DES203-Group-15/Content/Props/Water_Cooler.uasset" 102
"../../../../GitHub Local Repo/DES203-Group-15/Content/Props/Cans/CanUVs5.uasset" 103
"../../../../GitHub Local Repo/DES203-Group-15/Content/StarterContent/Architecture/Wall_400x300.uasset" 104
"../../../../GitHub Local Repo/DES203-Group-15/Content/StarterContent/Architecture/Wall_400x400.uasset" 105
"../../../../GitHub Local Repo/DES203-Group-15/Content/StarterContent/Architecture/Wall_500x500.uasset" 106
"../../../../GitHub Local Repo/DES203-Group-15/Content/StarterContent/Architecture/Wall_Door_400x400.uasset" 107
"../../../../GitHub Local Repo/DES203-Group-15/Content/StarterContent/Architecture/Wall_Window_400x400.uasset" 108
"../../../../GitHub Local Repo/DES203-Group-15/Content/StarterContent/Audio/Collapse01.uasset" 109
"../../../../GitHub Local Repo/DES203-Group-15/Content/StarterContent/Audio/Collapse02.uasset" 110
"../../../../GitHub Local Repo/DES203-Group-15/Content/StarterContent/Audio/Explosion01.uasset" 111
"../../../../GitHub Local Repo/DES203-Group-15/Content/StarterContent/Audio/Explosion02.uasset" 112
"../../../../GitHub Local Repo/DES203-Group-15/Content/StarterContent/Audio/Fire01.uasset" 113
"../../../../GitHub Local Repo/DES203-Group-15/Content/StarterContent/Audio/Fire_Sparks01.uasset" 114
"../../../../GitHub Local Repo/DES203-Group-15/Content/StarterContent/Audio/Light01.uasset" 115
"../../../../GitHub Local Repo/DES203-Group-15/Content/StarterContent/Audio/Light01_Cue.uasset" 116
"../../../../GitHub Local Repo/DES203-Group-15/Content/StarterContent/Audio/Light02.uasset" 117
"../../../../GitHub Local Repo/DES203-Group-15/Content/StarterContent/Audio/Light02_Cue.uasset" 118
"../../../../GitHub Local Repo/DES203-Group-15/Content/StarterContent/Audio/Smoke01.uasset" 119
"../../../../GitHub Local Repo/DES203-Group-15/Content/StarterContent/Audio/Starter_Birds01.uasset" 120
"../../../../GitHub Local Repo/DES203-Group-15/Content/StarterContent/Audio/Starter_Music01.uasset" 121
"../../../../GitHub Local Repo/DES203-Group-15/Content/StarterContent/Audio/Starter_Wind05.uasset" 122
"../../../../GitHub Local Repo/DES203-Group-15/Content/StarterContent/Audio/Starter_Wind06.uasset" 123
"../../../../GitHub Local Repo/DES203-Group-15/Content/StarterContent/Audio/Steam01.uasset" 124
"../../../../GitHub Local Repo/DES203-Group-15/Content/StarterContent/Textures/T_Smoke_Tiled_D.uasset" 125
"../../../../GitHub Local Repo/DES203-Group-15/Content/StarterContent/Textures/T_Smoke_SubUV.uasset" 126
"../../../../GitHub Local Repo/DES203-Group-15/Content/StarterContent/Particles/Materials/M_smoke_subUV.uasset" 127
"../../../Engine/Content/Functions/Engine_MaterialFunctions01/Gradient/RadialGradient.uasset" 128
"../../../../GitHub Local Repo/DES203-Group-15/Content/StarterContent/Particles/Materials/M_radial_ramp.uasset" 129
"../../../../GitHub Local Repo/DES203-Group-15/Content/StarterContent/Particles/Materials/m_flare_01.uasset" 130
"../../../../GitHub Local Repo/DES203-Group-15/Content/StarterContent/Textures/T_Explosion_SubUV.uasset" 131
"../../../../GitHub Local Repo/DES203-Group-15/Content/StarterContent/Particles/Materials/M_explosion_subUV.uasset" 132
"../../../../GitHub Local Repo/DES203-Group-15/Content/StarterContent/Textures/T_Burst_M.uasset" 133
"../../../../GitHub Local Repo/DES203-Group-15/Content/StarterContent/Particles/Materials/M_Burst.uasset" 134
"../../../../GitHub Local Repo/DES203-Group-15/Content/StarterContent/Particles/P_Explosion.uasset" 135
"../../../../GitHub Local Repo/DES203-Group-15/Content/StarterContent/Audio/Explosion_Cue.uasset" 136
"../../../../GitHub Local Repo/DES203-Group-15/Content/StarterContent/Blueprints/Blueprint_Effect_Explosion.uasset" 137
"../../../Engine/Content/EditorMeshes/ColorCalibrator/T_ColorGrid.uasset" 138
"../../../../GitHub Local Repo/DES203-Group-15/Content/StarterContent/Materials/M_ColorGrid_LowSpec.uasset" 139
"../../../../GitHub Local Repo/DES203-Group-15/Content/StarterContent/Placeholders/Grey.uasset" 140
"../../../../GitHub Local Repo/DES203-Group-15/Content/StarterContent/Placeholders/Chair.uasset" 141
"../../../../GitHub Local Repo/DES203-Group-15/Content/StarterContent/Placeholders/Black.uasset" 142
"../../../../GitHub Local Repo/DES203-Group-15/Content/StarterContent/Placeholders/OfficeChair.uasset" 143
"../../../../GitHub Local Repo/DES203-Group-15/Content/StarterContent/Placeholders/BP_BasicKeyboard.uasset" 144
"../../../Engine/Content/EngineMaterials/T_Default_Material_Grid_N.uasset" 145
"../../../Engine/Content/EngineMaterials/T_Default_Material_Grid_M.uasset" 146
"../../../Engine/Content/Functions/Engine_MaterialFunctions01/Opacity/CameraDepthFade.uasset" 147
"../../../Engine/Content/EngineMaterials/WorldGridMaterial.uasset" 148
"../../../Engine/Content/BasicShapes/Cube.uasset" 149
"../../../Engine/Content/BasicShapes/BasicShapeMaterial.uasset" 150
"../../../../GitHub Local Repo/DES203-Group-15/Content/StarterContent/Placeholders/BP_Book.uasset" 151
"../../../../GitHub Local Repo/DES203-Group-15/Content/StarterContent/Placeholders/Computer_Texture.uasset" 152
"../../../../GitHub Local Repo/DES203-Group-15/Content/StarterContent/Placeholders/lambert3SG.uasset" 153
"../../../../GitHub Local Repo/DES203-Group-15/Content/StarterContent/Placeholders/Keyboard.uasset" 154
"../../../../GitHub Local Repo/DES203-Group-15/Content/CoreEngine/FirstPersonBP/Blueprints/WBP_ScoreAdd.uasset" 155
"../../Plugins/FX/Niagara/Content/DynamicInputs/TypeConversions/Vector2DFromFloat.uasset" 156
"../../Plugins/FX/Niagara/Content/Enums/ENiagaraRandomnessEvaluation.uasset" 157
"../../Plugins/FX/Niagara/Content/Enums/ENiagaraRandomnessMode.uasset" 158
"../../Plugins/FX/Niagara/Content/Functions/V2/CalculateRandomRangeFloat.uasset" 159
"../../Plugins/FX/Niagara/Content/DynamicInputs/UniformRange/V2/RandomRangeFloat.uasset" 160
"../../Plugins/FX/Niagara/Content/Functions/V2/CalculateRandomRange.uasset" 161
"../../Plugins/FX/Niagara/Content/Enums/ENiagaraChannelCorrelation.uasset" 162
"../../Plugins/FX/Niagara/Content/DynamicInputs/UniformRange/V3/RandomRangeLinearColor.uasset" 163
"../../Plugins/FX/Niagara/Content/DynamicInputs/ValueFromCurve/FloatFromCurve.uasset" 164
"../../Plugins/FX/Niagara/Content/DynamicInputs/ValueFromCurve/VectorFromCurve.uasset" 165
"../../Plugins/FX/Niagara/Content/Modules/Collision/SceneDepthTest.uasset" 166
"../../Plugins/FX/Niagara/Content/Functions/DirectionAndLengthSafe.uasset" 167
"../../Plugins/FX/Niagara/Content/Modules/Collision/NiagaraDistanceFieldCollisions.uasset" 168
"../../Plugins/FX/Niagara/Content/Functions/Rotation/MultiplyVectorWithQuaternion.uasset" 169
"../../Plugins/FX/Niagara/Content/Functions/Rotation/FindQuatBetween.uasset" 170
"../../Plugins/FX/Niagara/Content/Functions/GetRandomInfo.uasset" 171
"../../Plugins/FX/Niagara/Content/Functions/RandomRangeFloat.uasset" 172
"../../Plugins/FX/Niagara/Content/Functions/Collision/RandomizeCollisionNormals.uasset" 173
"../../Plugins/FX/Niagara/Content/Functions/Collision/PlaneSphereCollisionDetection.uasset" 174
"../../Plugins/FX/Niagara/Content/Functions/ReflectVector.uasset" 175
"../../Plugins/FX/Niagara/Content/Functions/ProjectVectorOnPlane.uasset" 176
"../../Plugins/FX/Niagara/Content/Functions/Math/CentimeterMeterConversion.uasset" 177
"../../Plugins/FX/Niagara/Content/Enums/ENiagara_CPUCollisionType.uasset" 178
"../../Plugins/FX/Niagara/Content/Enums/ENiagara_GPUCollisionType.uasset" 179
"../../Plugins/FX/Niagara/Content/Enums/ENiagaraFrictionMergeType.uasset" 180
"../../Plugins/FX/Niagara/Content/Enums/ENiagaraRestitutionMergeType.uasset" 181
"../../Plugins/FX/Niagara/Content/Modules/Collision/CollisionQueryAndResponse.uasset" 182
"../../Plugins/FX/Niagara/Content/Functions/Helpers/DoOnce_fn.uasset" 183
"../../Plugins/FX/Niagara/Content/Enums/ENiagaraCalculateRadiusOptions.uasset" 184
"../../Plugins/FX/Niagara/Content/Functions/CalculateRadiusFromSpriteSize.uasset" 185
"../../Plugins/FX/Niagara/Content/Functions/CalculateMeshRadius.uasset" 186
"../../Plugins/FX/Niagara/Content/Enums/ENiagaraCoordinateSpace.uasset" 187
"../../Plugins/FX/Niagara/Content/Functions/Localspace/TransformBase.uasset" 188
"../../Plugins/FX/Niagara/Content/Functions/Localspace/TransformVector.uasset" 189
"../../Plugins/FX/Niagara/Content/Functions/Localspace/TransformPosition.uasset" 190
"../../Plugins/FX/Niagara/Content/Functions/Rotation/AxisAngleToQuaternion.uasset" 191
"../../Plugins/FX/Niagara/Content/Functions/Rotation/MultiplyQuaternion.uasset" 192
"../../Plugins/FX/Niagara/Content/Functions/Localspace/SimulationPosition.uasset" 193
"../../Plugins/FX/Niagara/Content/Modules/Solvers/SolveForcesAndVelocity.uasset" 194
"../../Plugins/FX/Niagara/Content/Enums/ENiagaraCollisionRadiusOptions.uasset" 195
"../../Plugins/FX/Niagara/Content/Modules/Collision/Collision.uasset" 196
"../../Plugins/FX/Niagara/Content/Enums/ENiagaraExecutionStateManagement.uasset" 197
"../../Plugins/FX/Niagara/Content/Functions/Emitter/EmitterChangeState.uasset" 198
"../../Plugins/FX/Niagara/Content/Enums/ENiagara_EmitterStateOptions.uasset" 199
"../../Plugins/FX/Niagara/Content/Enums/ENiagara_InfiniteLoopDuration.uasset" 200
"../../Plugins/FX/Niagara/Content/Enums/ENiagaraEmitterLifeCycleMode.uasset" 201
"../../Plugins/FX/Niagara/Content/Enums/ENiagaraEmitterScalabilityMode_Limited.uasset" 202
"../../Plugins/FX/Niagara/Content/Enums/ENiagaraInactiveMode.uasset" 203
"../../Plugins/FX/Niagara/Content/Modules/Emitter/EmitterState.uasset" 204
"../../Plugins/FX/Niagara/Content/Modules/Emitter/SpawnBurst_Instantaneous.uasset" 205
"../../Plugins/FX/Niagara/Content/Functions/V2/CalculateRandomRangeInteger.uasset" 206
"../../Plugins/FX/Niagara/Content/Functions/V2/CalculateRandomBool.uasset" 207
"../../Plugins/FX/Niagara/Content/Functions/LinearColor/HueShiftLinearColor.uasset" 208
"../../Plugins/FX/Niagara/Content/Enums/ENiagara_ColorInitializationMode.uasset" 209
"../../Plugins/FX/Niagara/Content/Enums/ENiagara_LifetimeMode.uasset" 210
"../../Plugins/FX/Niagara/Content/Enums/ENiagara_MassInitializationMode.uasset" 211
"../../Plugins/FX/Niagara/Content/Enums/ENiagara_PositionInitializationMode.uasset" 212
"../../Plugins/FX/Niagara/Content/Enums/ENiagara_SizeScaleMode.uasset" 213
"../../Plugins/FX/Niagara/Content/Enums/ENiagara_SpriteRotationMode.uasset" 214
"../../Plugins/FX/Niagara/Content/Enums/ENiagara_UVFlippingMode.uasset" 215
"../../Plugins/FX/Niagara/Content/Modules/Spawn/Initialization/V2/InitializeParticle.uasset" 216
"../../Plugins/FX/Niagara/Content/Functions/V2/CalculateRandomPointInSphere.uasset" 217
"../../Plugins/FX/Niagara/Content/Functions/SphericalToCartesianCoordinates.uasset" 218
"../../Plugins/FX/Niagara/Content/Enums/ENiagaraExpansionMode.uasset" 219
"../../Plugins/FX/Niagara/Content/Enums/ENiagaraSphereDistributionMode.uasset" 220
"../../Plugins/FX/Niagara/Content/Modules/Spawn/Location/V2/SphereLocation.uasset" 221
"../../Plugins/FX/Niagara/Content/Functions/RandomUnitVector.uasset" 222
"../../Plugins/FX/Niagara/Content/Functions/RandomVector.uasset" 223
"../../Plugins/FX/Niagara/Content/Functions/NormalizeDistanceRange.uasset" 224
"../../Plugins/FX/Niagara/Content/Functions/DistanceBasedFalloff.uasset" 225
"../../Plugins/FX/Niagara/Content/Modules/Spawn/Velocity/AddVelocityFromPoint.uasset" 226
"../../Plugins/FX/Niagara/Content/Functions/System/SystemChangeState.uasset" 227
"../../Plugins/FX/Niagara/Content/Enums/ENiagaraSystemInactiveMode.uasset" 228
"../../Plugins/FX/Niagara/Content/Modules/System/SystemState.uasset" 229
"../../Plugins/FX/Niagara/Content/Modules/Update/Camera/CameraOffset.uasset" 230
"../../Plugins/FX/Niagara/Content/Enums/ENiagaraScaleColorMode.uasset" 231
"../../Plugins/FX/Niagara/Content/Modules/Update/Color/ScaleColor.uasset" 232
"../../Plugins/FX/Niagara/Content/Modules/Update/Forces/Drag.uasset" 233
"../../Plugins/FX/Niagara/Content/Modules/Update/Forces/GravityForce.uasset" 234
"../../Plugins/FX/Niagara/Content/VectorFields/Assets/TilingCurl64.uasset" 235
"../../Plugins/FX/Niagara/Content/VectorFields/Assets/TilingCurl16.uasset" 236
"../../Plugins/FX/Niagara/Content/Functions/V2/RemapRange.uasset" 237
"../../Plugins/FX/Niagara/Content/Functions/FindAngleBetweenVectors.uasset" 238
"../../Plugins/FX/Niagara/Content/Functions/V2/ConeMask.uasset" 239
"../../Plugins/FX/Niagara/Content/Enums/ENiagaraCurlNoiseQuality.uasset" 240
"../../Plugins/FX/Niagara/Content/VectorFields/Assets/TilingCurl32.uasset" 241
"../../Plugins/FX/Niagara/Content/Modules/Update/Forces/V2/CurlNoiseForce.uasset" 242
"../../Plugins/FX/Niagara/Content/Modules/Update/Lifetime/ParticleState.uasset" 243
"../../Plugins/FX/Niagara/Content/Enums/ENiagaraMassByVolume.uasset" 244
"../../Plugins/FX/Niagara/Content/Modules/Update/Mass/CalculateSizeAndRotationalInertiaByMass.uasset" 245
"../../Plugins/FX/Niagara/Content/Modules/Update/Size/ScaleSpriteSize.uasset" 246
"../../../Engine/Content/Functions/Engine_MaterialFunctions02/Utility/MakeFloat3.uasset" 247
"../../../../GitHub Local Repo/DES203-Group-15/Content/CoreEngine/FirstPersonBP/Blueprints/M_Glitchy.uasset" 248
"../../../../GitHub Local Repo/DES203-Group-15/Content/CoreEngine/FirstPersonBP/Blueprints/M_Glitchy_Inst.uasset" 249
"../../Plugins/FX/Niagara/Content/DefaultAssets/DefaultSpriteMaterial.uasset" 250
"../../Plugins/FX/Niagara/Content/DynamicInputs/Helpers/SimulationPosition.uasset" 251
"../../../../GitHub Local Repo/DES203-Group-15/Content/CoreEngine/FirstPersonBP/Blueprints/NS_Pixel.uasset" 252
"../../../../GitHub Local Repo/DES203-Group-15/Content/Characters/AIBase/AI_Basic.uasset" 253
"../../../../GitHub Local Repo/DES203-Group-15/Content/CoreEngine/FirstPersonBP/Blueprints/WBP_GameOver.uasset" 254
"../../../../GitHub Local Repo/DES203-Group-15/Content/CoreEngine/FirstPersonBP/Blueprints/WBP_ChargeBar.uasset" 255
"../../../../GitHub Local Repo/DES203-Group-15/Content/Characters/Player/AurynMesh/right/left/Arms_V1_TXTR.uasset" 256
"../../../../GitHub Local Repo/DES203-Group-15/Content/Characters/Player/AurynMesh/right/left/Arms_V1_002.uasset" 257
"../../../../GitHub Local Repo/DES203-Group-15/Content/Characters/Player/AurynMesh/right/left/Arm_Left.uasset" 258
"../../../../GitHub Local Repo/DES203-Group-15/Content/Characters/Player/AurynMesh/Arms_V1_TXTR.uasset" 259
"../../../../GitHub Local Repo/DES203-Group-15/Content/Characters/Player/AurynMesh/Arms_V1_001.uasset" 260
"../../../../GitHub Local Repo/DES203-Group-15/Content/Characters/Player/AurynMesh/Arm_right.uasset" 261
"../../../../GitHub Local Repo/DES203-Group-15/Content/CoreEngine/FirstPerson/Character/Mesh/SK_Mannequin_Arms_Skeleton.uasset" 262
"../../../Engine/Content/Animation/DefaultAnimBoneCompressionSettings.uasset" 263
"../../../Engine/Content/Animation/DefaultAnimCurveCompressionSettings.uasset" 264
"../../../../GitHub Local Repo/DES203-Group-15/Content/CoreEngine/FirstPerson/Animations/FirstPerson_Fire.uasset" 265
"../../../../GitHub Local Repo/DES203-Group-15/Content/CoreEngine/FirstPerson/Animations/FirstPersonFire_Montage.uasset" 266
"../../../../GitHub Local Repo/DES203-Group-15/Content/CoreEngine/FirstPerson/Audio/FirstPersonTemplateWeaponFire02.uasset" 267
"../../../../GitHub Local Repo/DES203-Group-15/Content/CoreEngine/FirstPerson/Animations/FirstPerson_Idle.uasset" 268
"../../../../GitHub Local Repo/DES203-Group-15/Content/CoreEngine/FirstPerson/Animations/FirstPerson_JumpEnd.uasset" 269
"../../../../GitHub Local Repo/DES203-Group-15/Content/CoreEngine/FirstPerson/Animations/FirstPerson_JumpLoop.uasset" 270
"../../../../GitHub Local Repo/DES203-Group-15/Content/CoreEngine/FirstPerson/Animations/FirstPerson_JumpStart.uasset" 271
"../../../../GitHub Local Repo/DES203-Group-15/Content/CoreEngine/FirstPerson/Animations/FirstPerson_Run.uasset" 272
"../../../../GitHub Local Repo/DES203-Group-15/Content/CoreEngine/FirstPerson/Animations/FirstPerson_AnimBP.uasset" 273
"../../../../GitHub Local Repo/DES203-Group-15/Content/CoreEngine/FirstPerson/FPWeapon/Materials/MaterialLayers/T_ML_Rubber_Blue_01_D.uasset" 274
"../../../../GitHub Local Repo/DES203-Group-15/Content/CoreEngine/FirstPerson/FPWeapon/Materials/MaterialLayers/T_ML_Rubber_Blue_01_N.uasset" 275
"../../../../GitHub Local Repo/DES203-Group-15/Content/CoreEngine/FirstPerson/FPWeapon/Materials/MaterialLayers/ML_GlossyBlack_Latex_UE4.uasset" 276
"../../../../GitHub Local Repo/DES203-Group-15/Content/CoreEngine/FirstPerson/FPWeapon/Materials/MaterialLayers/ML_Plastic_Shiny_Beige.uasset" 277
"../../../../GitHub Local Repo/DES203-Group-15/Content/CoreEngine/FirstPerson/FPWeapon/Materials/MaterialLayers/ML_Screen.uasset" 278
"../../../../GitHub Local Repo/DES203-Group-15/Content/CoreEngine/FirstPerson/FPWeapon/Materials/MaterialLayers/T_ML_Aluminum01.uasset" 279
"../../../../GitHub Local Repo/DES203-Group-15/Content/CoreEngine/FirstPerson/FPWeapon/Materials/MaterialLayers/T_ML_Aluminum01_N.uasset" 280
"../../../../GitHub Local Repo/DES203-Group-15/Content/CoreEngine/FirstPerson/FPWeapon/Materials/MaterialLayers/ML_SoftMetal_UE4.uasset" 281
"../../../../GitHub Local Repo/DES203-Group-15/Content/CoreEngine/FirstPerson/FPWeapon/Textures/T_FPGun_M.uasset" 282
"../../../../GitHub Local Repo/DES203-Group-15/Content/CoreEngine/FirstPerson/FPWeapon/Textures/T_FPGun_N.uasset" 283
"../../../../GitHub Local Repo/DES203-Group-15/Content/CoreEngine/FirstPerson/FPWeapon/Materials/M_FPGun.uasset" 284
"../../../../GitHub Local Repo/DES203-Group-15/Content/CoreEngine/FirstPerson/FPWeapon/Mesh/SK_FPGun_Skeleton.uasset" 285
"../../../../GitHub Local Repo/DES203-Group-15/Content/CoreEngine/FirstPerson/FPWeapon/Mesh/SK_FPGun.uasset" 286
"../../../../GitHub Local Repo/DES203-Group-15/Content/CoreEngine/FirstPerson/Meshes/BaseMaterial.uasset" 287
"../../../../GitHub Local Repo/DES203-Group-15/Content/CoreEngine/FirstPerson/Meshes/FirstPersonProjectileMaterial.uasset" 288
"../../../../GitHub Local Repo/DES203-Group-15/Content/CoreEngine/FirstPerson/Meshes/FirstPersonProjectileMesh.uasset" 289
"../../../../GitHub Local Repo/DES203-Group-15/Content/CoreEngine/FirstPersonBP/Blueprints/FirstPersonProjectile.uasset" 290
"../../../../GitHub Local Repo/DES203-Group-15/Content/CoreEngine/FirstPerson/Character/Materials/MaterialLayers/T_ML_Rubber_Blue_01_D.uasset" 291
"../../../../GitHub Local Repo/DES203-Group-15/Content/CoreEngine/FirstPerson/Character/Materials/MaterialLayers/T_ML_Rubber_Blue_01_N.uasset" 292
"../../../../GitHub Local Repo/DES203-Group-15/Content/CoreEngine/FirstPerson/Character/Materials/MaterialLayers/ML_GlossyBlack_Latex_UE4.uasset" 293
"../../../../GitHub Local Repo/DES203-Group-15/Content/CoreEngine/FirstPerson/Character/Materials/MaterialLayers/ML_Plastic_Shiny_Beige.uasset" 294
"../../../../GitHub Local Repo/DES203-Group-15/Content/CoreEngine/FirstPerson/Character/Materials/MaterialLayers/ML_Plastic_Shiny_Beige_LOGO.uasset" 295
"../../../../GitHub Local Repo/DES203-Group-15/Content/CoreEngine/FirstPerson/Character/Materials/MaterialLayers/T_ML_Aluminum01.uasset" 296
"../../../../GitHub Local Repo/DES203-Group-15/Content/CoreEngine/FirstPerson/Character/Materials/MaterialLayers/T_ML_Aluminum01_N.uasset" 297
"../../../../GitHub Local Repo/DES203-Group-15/Content/CoreEngine/FirstPerson/Character/Materials/MaterialLayers/ML_SoftMetal_UE4.uasset" 298
"../../../../GitHub Local Repo/DES203-Group-15/Content/CoreEngine/FirstPerson/Character/Textures/UE4_Mannequin__normals.uasset" 299
"../../../../GitHub Local Repo/DES203-Group-15/Content/CoreEngine/FirstPerson/Character/Textures/UE4_Mannequin_MAT_MASKA.uasset" 300
"../../../../GitHub Local Repo/DES203-Group-15/Content/CoreEngine/FirstPerson/Character/Materials/M_UE4Man_Body.uasset" 301
"../../../../GitHub Local Repo/DES203-Group-15/Content/CoreEngine/FirstPerson/Character/Mesh/SK_Mannequin_Arms_PhysicsAsset.uasset" 302
"../../../../GitHub Local Repo/DES203-Group-15/Content/CoreEngine/FirstPerson/Character/Mesh/SK_Mannequin_Arms.uasset" 303
"../../../../GitHub Local Repo/DES203-Group-15/Content/StarterContent/Placeholders/mat24.uasset" 304
"../../../../GitHub Local Repo/DES203-Group-15/Content/StarterContent/Placeholders/mat21.uasset" 305
"../../../../GitHub Local Repo/DES203-Group-15/Content/StarterContent/Placeholders/mat17.uasset" 306
"../../../../GitHub Local Repo/DES203-Group-15/Content/StarterContent/Placeholders/mat16.uasset" 307
"../../../../GitHub Local Repo/DES203-Group-15/Content/StarterContent/Placeholders/mat15.uasset" 308
"../../../../GitHub Local Repo/DES203-Group-15/Content/StarterContent/Placeholders/mat10.uasset" 309
"../../../../GitHub Local Repo/DES203-Group-15/Content/StarterContent/Placeholders/Printer.uasset" 310
"../../../../GitHub Local Repo/DES203-Group-15/Content/UI/Virus_Defeated_WITHOUT_Tick.uasset" 311
"../../../../GitHub Local Repo/DES203-Group-15/Content/UI/Heart_Full.uasset" 312
"../../../../GitHub Local Repo/DES203-Group-15/Content/UI/Heart_Empty.uasset" 313
"../../../../GitHub Local Repo/DES203-Group-15/Content/UI/Damages.uasset" 314
"../../../../GitHub Local Repo/DES203-Group-15/Content/UI/Crosshair.uasset" 315
"../../../../GitHub Local Repo/DES203-Group-15/Content/CoreEngine/FirstPersonBP/Blueprints/WBP_DamagesScore.uasset" 316
"../../../../GitHub Local Repo/DES203-Group-15/Content/Props/MastersDontTouch/BP_PropLarge.uasset" 317
"../../../../GitHub Local Repo/DES203-Group-15/Content/CoreEngine/FirstPersonBP/Blueprints/FirstPersonCharacter.uasset" 318
"../../../../GitHub Local Repo/DES203-Group-15/Content/Props/MastersDontTouch/BP_PropSmall.uasset" 319
"../../../../GitHub Local Repo/DES203-Group-15/Content/Props/BP_PropSmall.uasset" 320
"../../../../GitHub Local Repo/DES203-Group-15/Content/StarterContent/Placeholders/BP_PropSmall.uasset" 321
"../../../../GitHub Local Repo/DES203-Group-15/Content/StarterContent/Placeholders/BP_Small.uasset" 322
"../../../../GitHub Local Repo/DES203-Group-15/Content/StarterContent/Placeholders/Commodore_64_Texture.uasset" 323
"../../../../GitHub Local Repo/DES203-Group-15/Content/StarterContent/Placeholders/NewMaterial.uasset" 324
"../../../../GitHub Local Repo/DES203-Group-15/Content/StarterContent/Placeholders/Monitor.uasset" 325
"../../../../GitHub Local Repo/DES203-Group-15/Content/StarterContent/Textures/T_Bush_N.uasset" 326
"../../../../GitHub Local Repo/DES203-Group-15/Content/StarterContent/Textures/T_Bush_D.uasset" 327
"../../../../GitHub Local Repo/DES203-Group-15/Content/StarterContent/Props/Materials/M_Bush.uasset" 328
"../../../../GitHub Local Repo/DES203-Group-15/Content/StarterContent/Props/SM_Bush.uasset" 329
"../../../../GitHub Local Repo/DES203-Group-15/Content/StarterContent/Textures/T_Chair_N.uasset" 330
"../../../../GitHub Local Repo/DES203-Group-15/Content/StarterContent/Textures/T_Chair_M.uasset" 331
"../../../../GitHub Local Repo/DES203-Group-15/Content/StarterContent/Props/Materials/M_Chair.uasset" 332
"../../../../GitHub Local Repo/DES203-Group-15/Content/StarterContent/Props/SM_Couch.uasset" 333
"../../../../GitHub Local Repo/DES203-Group-15/Content/StarterContent/Textures/T_Door_N.uasset" 334
"../../../../GitHub Local Repo/DES203-Group-15/Content/StarterContent/Textures/T_Door_M.uasset" 335
"../../../../GitHub Local Repo/DES203-Group-15/Content/StarterContent/Props/Materials/M_Door.uasset" 336
"../../../../GitHub Local Repo/DES203-Group-15/Content/StarterContent/Materials/M_Glass.uasset" 337
"../../../../GitHub Local Repo/DES203-Group-15/Content/StarterContent/Props/SM_Door.uasset" 338
"../../../../GitHub Local Repo/DES203-Group-15/Content/StarterContent/Props/Materials/M_MaterialSphere_Plain.uasset" 339
"../../../../GitHub Local Repo/DES203-Group-15/Content/StarterContent/Props/Materials/M_MaterialSphere.uasset" 340
"../../../../GitHub Local Repo/DES203-Group-15/Content/StarterContent/Props/SM_MatPreviewMesh_02.uasset" 341
"../../../../GitHub Local Repo/DES203-Group-15/Content/StarterContent/Textures/T_RockMesh_N.uasset" 342
"../../../../GitHub Local Repo/DES203-Group-15/Content/StarterContent/Textures/T_RockMesh_M.uasset" 343
"../../../../GitHub Local Repo/DES203-Group-15/Content/StarterContent/Textures/T_Rock_Basalt_D.uasset" 344
"../../../../GitHub Local Repo/DES203-Group-15/Content/StarterContent/Textures/T_Detail_Rocky_N.uasset" 345
"../../../../GitHub Local Repo/DES203-Group-15/Content/StarterContent/Props/Materials/M_Rock.uasset" 346
"../../../../GitHub Local Repo/DES203-Group-15/Content/StarterContent/Props/SM_Rock.uasset" 347
"../../../../GitHub Local Repo/DES203-Group-15/Content/StarterContent/Textures/T_Shelf_N.uasset" 348
"../../../../GitHub Local Repo/DES203-Group-15/Content/StarterContent/Textures/T_Shelf_M.uasset" 349
"../../../../GitHub Local Repo/DES203-Group-15/Content/StarterContent/Props/Materials/M_Shelf.uasset" 350
"../../../../GitHub Local Repo/DES203-Group-15/Content/StarterContent/Props/SM_Shelf.uasset" 351
"../../../../GitHub Local Repo/DES203-Group-15/Content/StarterContent/Materials/M_Basic_Floor.uasset" 352
"../../../../GitHub Local Repo/DES203-Group-15/Content/StarterContent/Props/SM_Stairs.uasset" 353
"../../../../GitHub Local Repo/DES203-Group-15/Content/StarterContent/Shapes/Shape_Cone.uasset" 354
"../../../../GitHub Local Repo/DES203-Group-15/Content/StarterContent/Shapes/Shape_Cylinder.uasset" 355
"../../../../GitHub Local Repo/DES203-Group-15/Content/StarterContent/Shapes/Shape_NarrowCapsule.uasset" 356
"../../../../GitHub Local Repo/DES203-Group-15/Content/StarterContent/Shapes/Shape_Pipe.uasset" 357
"../../../../GitHub Local Repo/DES203-Group-15/Content/StarterContent/Shapes/Shape_Pipe_180.uasset" 358
"../../../../GitHub Local Repo/DES203-Group-15/Content/StarterContent/Shapes/Shape_Pipe_90.uasset" 359
"../../../../GitHub Local Repo/DES203-Group-15/Content/StarterContent/Shapes/Shape_Plane.uasset" 360
"../../../../GitHub Local Repo/DES203-Group-15/Content/StarterContent/Shapes/Shape_Torus.uasset" 361
"../../../../GitHub Local Repo/DES203-Group-15/Content/StarterContent/Shapes/Shape_Trim.uasset" 362
"../../../../GitHub Local Repo/DES203-Group-15/Content/StarterContent/Shapes/Shape_Trim_90_In.uasset" 363
"../../../../GitHub Local Repo/DES203-Group-15/Content/StarterContent/Shapes/Shape_Trim_90_Out.uasset" 364
"../../../../GitHub Local Repo/DES203-Group-15/Content/StarterContent/Shapes/Shape_TriPyramid.uasset" 365
"../../../../GitHub Local Repo/DES203-Group-15/Content/StarterContent/Shapes/Shape_Tube.uasset" 366
"../../../../GitHub Local Repo/DES203-Group-15/Content/StarterContent/Shapes/Shape_Wedge_A.uasset" 367
"../../../../GitHub Local Repo/DES203-Group-15/Content/StarterContent/Shapes/Shape_Wedge_B.uasset" 368
"../../../../GitHub Local Repo/DES203-Group-15/Content/StarterContent/Shapes/Shape_WideCapsule.uasset" 369
"../../../../GitHub Local Repo/DES203-Group-15/Content/StarterContent/Placeholders/0hearts.uasset" 370
"../../../../GitHub Local Repo/DES203-Group-15/Content/Props/BP_PropLarge.uasset" 371
"../../../../GitHub Local Repo/DES203-Group-15/Content/StarterContent/Placeholders/BP_PropLarge.uasset" 372
"../../../../GitHub Local Repo/DES203-Group-15/Content/StarterContent/Placeholders/3hearts.uasset" 373
"../../../../GitHub Local Repo/DES203-Group-15/Content/StarterContent/Placeholders/M_MaskFillPercentage.uasset" 374
"../../../../GitHub Local Repo/DES203-Group-15/Content/UI/L_Click_Interaction.uasset" 375
"../../../../GitHub Local Repo/DES203-Group-15/Content/UI/R_Click_Interaction.uasset" 376
"../../../../GitHub Local Repo/DES203-Group-15/Content/UI/Virus_Defeated_WITH_Tick.uasset" 377
"../../../Engine/Content/ArtTools/RenderToTexture/Meshes/S_1_Unit_Plane.uasset" 378
"../../../Engine/Content/EngineMaterials/DefaultMaterial.uasset" 379
"../../../Engine/Content/BasicShapes/Cone.uasset" 380
"../../../Engine/Content/BasicShapes/Plane.uasset" 381
"../../../Engine/Content/BasicShapes/Sphere.uasset" 382
"../../../Engine/Content/EditorLandscapeResources/DataLayer.uasset" 383
"../../../Engine/Content/EditorLandscapeResources/DefaultAlphaTexture.uasset" 384
"../../../Engine/Content/EditorMaterials/MAT_Groups_Toggle.uasset" 385
"../../../Engine/Content/EditorMaterials/MAT_Groups_Visibility.uasset" 386
"../../../Engine/Content/EditorMaterials/PreviewShadowIndicator.uasset" 387
"../../../Engine/Content/EditorMaterials/PreviewShadowIndicatorMaterial.uasset" 388
"../../../Engine/Content/EditorMaterials/MatineeGroups/MAT_ColorTrack.uasset" 389
"../../../Engine/Content/EditorMaterials/MatineeGroups/MAT_Groups_Anim.uasset" 390
"../../../Engine/Content/EditorMaterials/MatineeGroups/MAT_Groups_AudioMaster.uasset" 391
"../../../Engine/Content/EditorMaterials/MatineeGroups/MAT_Groups_Director.uasset" 392
"../../../Engine/Content/EditorMaterials/MatineeGroups/MAT_Groups_Event.uasset" 393
"../../../Engine/Content/EditorMaterials/MatineeGroups/MAT_Groups_Fade.uasset" 394
"../../../Engine/Content/EditorMaterials/MatineeGroups/MAT_Groups_Float.uasset" 395
"../../../Engine/Content/EditorMaterials/MatineeGroups/MAT_Groups_Move.uasset" 396
"../../../Engine/Content/EditorMaterials/MatineeGroups/MAT_Groups_Slomo.uasset" 397
"../../../Engine/Content/EditorMaterials/MatineeGroups/MAT_Groups_Sound.uasset" 398
"../../../Engine/Content/EditorMaterials/MatineeGroups/MAT_Groups_Vector.uasset" 399
"../../../Engine/Content/EditorMaterials/ParticleSystems/PSysThumbnail_NoImage.uasset" 400
"../../../Engine/Content/EditorMaterials/ParticleSystems/PSysThumbnail_OOD.uasset" 401
"../../../Engine/Content/EditorMaterials/Camera/CineMat.uasset" 402
"../../../Engine/Content/EditorMaterials/Camera/MI_CineMat_Rig.uasset" 403
"../../../Engine/Content/EditorMeshes/Camera/SM_CraneRig_Arm.uasset" 404
"../../../Engine/Content/EditorMeshes/Camera/SM_CraneRig_Base.uasset" 405
"../../../Engine/Content/EditorMeshes/Camera/SM_CraneRig_Body.uasset" 406
"../../../Engine/Content/EditorMeshes/Camera/SM_CraneRig_Mount.uasset" 407
"../../../Engine/Content/EditorMeshes/Camera/SM_RailRig_Mount.uasset" 408
"../../../Engine/Content/EditorMeshes/Camera/SM_RailRig_Track.uasset" 409
"../../../Engine/Content/EditorResources/BSPVertex.uasset" 410
"../../../Engine/Content/EditorResources/EmptyActor.uasset" 411
"../../../Engine/Content/EditorResources/S_Actor.uasset" 412
"../../../Engine/Content/EditorResources/S_Note.uasset" 413
"../../../Engine/Content/EditorResources/S_Solver.uasset" 414
"../../../Engine/Content/EditorResources/S_Terrain.uasset" 415
"../../../Engine/Content/EditorResources/S_Trigger.uasset" 416
"../../../Engine/Content/EditorResources/AudioIcons/S_AudioComponent.uasset" 417
"../../../Engine/Content/EditorResources/AudioIcons/S_AudioComponent_AutoActivate.uasset" 418
"../../../Engine/Content/EditorResources/LightIcons/S_LightError.uasset" 419
"../../../Engine/Content/EditorResources/SequenceRecorder/Countdown.uasset" 420
"../../../Engine/Content/EditorResources/SequenceRecorder/RecordingIndicator.uasset" 421
"../../../Engine/Content/EngineDamageTypes/DmgTypeBP_Environmental.uasset" 422
"../../../Engine/Content/EngineDebugMaterials/DebugEditorMaterial.uasset" 423
"../../../Engine/Content/EngineDebugMaterials/DebugMeshMaterial.uasset" 424
"../../../Engine/Content/EngineDebugMaterials/M_SimpleUnlitTranslucent.uasset" 425
"../../../Engine/Content/EngineDebugMaterials/VolumeToRender.uasset" 426
"../../../Engine/Content/Functions/Engine_MaterialFunctions02/Utility/CameraDirectionVector.uasset" 427
"../../../Engine/Content/EngineDebugMaterials/M_VolumeRenderSphereTracePP.uasset" 428
"../../../Engine/Content/Functions/Engine_MaterialFunctions01/Shading/ConvertFromDiffSpec.uasset" 429
"../../../Engine/Content/EngineDebugMaterials/VertexColorMaterial.uasset" 430
"../../../Engine/Content/EngineDebugMaterials/WireframeMaterial.uasset" 431
"../../../Engine/Content/EngineFonts/Faces/RobotoRegular.uasset" 432
"../../../Engine/Content/EngineFonts/Faces/RobotoLight.uasset" 433
"../../../Engine/Content/EngineFonts/Faces/RobotoItalic.uasset" 434
"../../../Engine/Content/EngineFonts/Faces/RobotoBoldItalic.uasset" 435
"../../../Engine/Content/EngineFonts/Faces/RobotoBold.uasset" 436
"../../../Engine/Content/EngineFonts/Faces/DroidSansFallback.uasset" 437
"../../../Engine/Content/EngineFonts/Roboto.uasset" 438
"../../../Engine/Content/EngineMaterials/BaseFlattenNormalMap.uasset" 439
"../../../Engine/Content/EngineMaterials/BaseFlattenGrayscaleMap.uasset" 440
"../../../Engine/Content/EngineMaterials/BaseFlattenEmissiveMap.uasset" 441
"../../../Engine/Content/EngineMaterials/BaseFlattenDiffuseMap.uasset" 442
"../../../Engine/Content/EngineMaterials/BaseFlattenMaterial.uasset" 443
"../../../Engine/Content/EngineMaterials/BlueNoise.uasset" 444
"../../../Engine/Content/EngineMaterials/DefaultBloomKernel.uasset" 445
"../../../Engine/Content/EngineMaterials/DefaultBokeh.uasset" 446
"../../../Engine/Content/EngineMaterials/DefaultDiffuse.uasset" 447
"../../../Engine/Content/EngineMaterials/DefaultDeferredDecalMaterial.uasset" 448
"../../../Engine/Content/EngineMaterials/DefaultLightFunctionMaterial.uasset" 449
"../../../Engine/Content/EngineMaterials/DefaultPhysicalMaterial.uasset" 450
"../../../Engine/Content/Functions/Engine_MaterialFunctions02/Utility/BreakOutFloat2Components.uasset" 451
"../../../Engine/Content/EngineMaterials/DefaultPostProcessMaterial.uasset" 452
"../../../Engine/Content/EngineFonts/RobotoDistanceField.uasset" 453
"../../../Engine/Content/EngineMaterials/DefaultTextMaterialOpaque.uasset" 454
"../../../Engine/Content/EngineMaterials/DefaultWhiteGrid.uasset" 455
"../../../Engine/Content/EngineMaterials/DefaultWhiteGrid_Low.uasset" 456
"../../../Engine/Content/EngineMaterials/EmissiveMeshMaterial.uasset" 457
"../../../Engine/Content/EngineMaterials/GizmoMaterial.uasset" 458
"../../../Engine/Content/EngineMaterials/Good64x64TilingNoiseHighFreq.uasset" 459
"../../../Engine/Content/EngineMaterials/MiniFont.uasset" 460
"../../../Engine/Content/EngineMaterials/InvalidLightmapSettings.uasset" 461
"../../../Engine/Content/EngineMaterials/M_InvalidLightmapSettings.uasset" 462
"../../../Engine/Content/Functions/Engine_MaterialFunctions02/WorldPositionOffset/CameraOffset.uasset" 463
"../../../Engine/Content/EngineMaterials/PhAT_JointLimitMaterial.uasset" 464
"../../../Engine/Content/EngineMaterials/PreintegratedSkinBRDF.uasset" 465
"../../../Engine/Content/EngineMaterials/RemoveSurfaceMaterial.uasset" 466
"../../../Engine/Content/EngineMaterials/WeightMapPlaceholderTexture.uasset" 467
"../../../Engine/Content/EngineResources/WhiteSquareTexture.uasset" 468
"../../../Engine/Content/EngineMaterials/Widget3DPassThrough.uasset" 469
"../../../Engine/Content/EngineMaterials/Widget3DPassThrough_Masked.uasset" 470
"../../../Engine/Content/EngineMaterials/Widget3DPassThrough_Opaque.uasset" 471
"../../../Engine/Content/EngineMaterials/Widget3DPassThrough_Masked_OneSided.uasset" 472
"../../../Engine/Content/EngineMaterials/Widget3DPassThrough_Opaque_OneSided.uasset" 473
"../../../Engine/Content/EngineMaterials/Widget3DPassThrough_Translucent.uasset" 474
"../../../Engine/Content/EngineMaterials/Widget3DPassThrough_Translucent_OneSided.uasset" 475
"../../../Engine/Content/EngineMeshes/Cylinder.uasset" 476
"../../../Engine/Content/EngineMeshes/Sphere.uasset" 477
"../../../Engine/Content/EngineResources/Black.uasset" 478
"../../../Engine/Content/EngineResources/DefaultTextureCube.uasset" 479
"../../../Engine/Content/EngineResources/DefaultVolumeTexture2D.uasset" 480
"../../../Engine/Content/EngineResources/DefaultVolumeTexture.uasset" 481
"../../../Engine/Content/EngineResources/GradientTexture0.uasset" 482
"../../../Engine/Content/EngineSky/VolumetricClouds/T_NoiseShape64.uasset" 483
"../../../Engine/Content/EngineSky/VolumetricClouds/T_VolumeNoiseShape64.uasset" 484
"../../../Engine/Content/EngineSky/VolumetricClouds/T_NoiseErosion.uasset" 485
"../../../Engine/Content/EngineSky/VolumetricClouds/T_VolumeNoiseErosion32.uasset" 486
"../../../Engine/Content/EngineSky/VolumetricClouds/CloudWeatherTexture.uasset" 487
"../../../Engine/Content/EngineSky/VolumetricClouds/CloudGradientTexture.uasset" 488
"../../../Engine/Content/Functions/Engine_MaterialFunctions02/Utility/MakeFloat2.uasset" 489
"../../../Engine/Content/EngineSky/VolumetricClouds/m_SimpleVolumetricCloud.uasset" 490
"../../../Engine/Content/EngineSky/VolumetricClouds/m_SimpleVolumetricCloud_Inst.uasset" 491
"../../../Engine/Content/EngineSounds/Master.uasset" 492
"../../../Engine/Content/Functions/Engine_MaterialFunctions01/Shading/PowerToRoughness.uasset" 493
"../../../Engine/Content/Maps/Templates/Thumbnails/Default.uasset" 494
"../../../Engine/Content/Maps/Templates/Thumbnails/TimeOfDay.uasset" 495
"../../../Engine/Content/Maps/Templates/Thumbnails/VR-Basic.uasset" 496
"../../../Engine/Content/MobileResources/T_MobileControls_texture.uasset" 497
"../../../Engine/Content/MobileResources/T_MobileMenu2.uasset" 498
"../../../Engine/Content/MobileResources/HUD/AnalogHat.uasset" 499
"../../../Engine/Content/MobileResources/HUD/VirtualJoystick_Thumb.uasset" 500
"../../../Engine/Content/MobileResources/HUD/VirtualJoystick_Background.uasset" 501
"../../../Engine/Content/MobileResources/HUD/DefaultVirtualJoysticks.uasset" 502
"../../../Engine/Content/MobileResources/HUD/LeftVirtualJoystickOnly.uasset" 503
"../../../Engine/Content/MobileResources/HUD/MobileHUDButton1_off.uasset" 504
"../../../Engine/Content/MobileResources/HUD/MobileHUDButton1_on.uasset" 505
"../../../Engine/Content/MobileResources/HUD/MobileHUDButton2_off.uasset" 506
"../../../Engine/Content/MobileResources/HUD/MobileHUDButton2_on.uasset" 507
"../../../Engine/Content/MobileResources/HUD/MobileHUDButton3.uasset" 508
"../../../Engine/Content/MobileResources/HUD/MobileHUDButtonFire.uasset" 509
"../../../Engine/Content/MobileResources/HUD/MobileHUDDirectionPad.uasset" 510
"../../../Engine/Content/MobileResources/HUD/MobileHUDDirectionPad2.uasset" 511
"../../../Engine/Content/MobileResources/HUD/MobileHUDDirectionPad3.uasset" 512
"../../../Engine/Content/MobileResources/HUD/MobileHUDDirectionStick.uasset" 513
"../../../Engine/Content/MobileResources/HUD/T_Castle_ThumbstickInner.uasset" 514
"../../../Engine/Content/MobileResources/HUD/T_Castle_ThumbstickOutter.uasset" 515
"../../../Engine/Content/Tutorial/ContentIntroCurve.uasset" 516
"../../../Engine/Content/Tutorial/Basics/LevelEditorAttract.uasset" 517
"../../../Engine/Content/Tutorial/Basics/TutorialAssets/icon_tab_Levels_40x.uasset" 518
"../../../Engine/Content/Tutorial/Basics/LevelEditorOverview.uasset" 519
"../../../Engine/Content/Tutorial/BlueprintTutorials/TutorialAssets/Blueprint_64x.uasset" 520
"../../../Engine/Content/Tutorial/BlueprintTutorials/BlueprintEditorTutorial.uasset" 521
"../../../Engine/Content/VREditor/TransformGizmo/TranslucentTransformGizmoMaterial.uasset" 522
"../../../Engine/Content/VREditor/LaserPointer/VR_LaserPower_01.uasset" 523
"../../../Engine/Content/VREditor/TransformGizmo/TransformGizmoMaterial.uasset" 524
"../../../Engine/Content/VREditor/TransformGizmo/BoundingBoxCorner.uasset" 525
"../../../Engine/Content/VREditor/TransformGizmo/BoundingBoxEdge.uasset" 526
"../../../Engine/Content/VREditor/TransformGizmo/PlaneTranslationHandle.uasset" 527
"../../../Engine/Content/VREditor/TransformGizmo/Xray.uasset" 528
"../../../Engine/Content/VREditor/TransformGizmo/Main.uasset" 529
"../../../Engine/Content/VREditor/TransformGizmo/SM_Sequencer_Key.uasset" 530
"../../../Engine/Content/VREditor/TransformGizmo/SM_Sequencer_Node.uasset" 531
"../../Plugins/2D/Paper2D/Content/PlaceholderTextures/DummySpriteTexture.uasset" 532
"../../Plugins/2D/Paper2D/Content/DummySprite.uasset" 533
"../../Plugins/2D/Paper2D/Content/DefaultPaperTerrainMaterial.uasset" 534
"../../Plugins/2D/Paper2D/Content/DefaultSpriteMaterial.uasset" 535
"../../Plugins/2D/Paper2D/Content/MaskedUnlitSpriteMaterial.uasset" 536
"../../Plugins/2D/Paper2D/Content/OpaqueUnlitSpriteMaterial.uasset" 537
"../../../Engine/Content/ArtTools/RenderToTexture/Materials/Debug/M_Emissive_Color.uasset" 538
"../../../Engine/Content/BasicShapes/Cylinder.uasset" 539
"../../Plugins/Lumin/MagicLeapPassableWorld/Content/MagicLeapARPinInfoActor.uasset" 540
"../../../Engine/Content/Functions/Engine_MaterialFunctions02/Utility/BreakOutFloat3Components.uasset" 541
"../../Plugins/Editor/SpeedTreeImporter/Content/SpeedTree9/UnpackInteger3.uasset" 542
"../../Plugins/Editor/SpeedTreeImporter/Content/SpeedTree9/UnpackDirection.uasset" 543
"../../Plugins/Editor/SpeedTreeImporter/Content/SpeedTree9/game_wind_noise.uasset" 544
"../../../Engine/Content/Functions/Engine_MaterialFunctions02/SafeNormalize.uasset" 545
"../../Plugins/Editor/SpeedTreeImporter/Content/SpeedTree9/SpeedTreeWindMotion.uasset" 546
"../../Plugins/Editor/SpeedTreeImporter/Content/SpeedTree9/SpeedTreeBranchMotion.uasset" 547
"../../../Engine/Content/Functions/Engine_MaterialFunctions02/ObjectLocalBounds.uasset" 548
"../../../Engine/Content/Functions/Engine_MaterialFunctions02/UVs/BoundingBoxBased_0-1_UVW.uasset" 549
"../../Plugins/Editor/SpeedTreeImporter/Content/SpeedTree9/SpeedTreeWind.uasset" 550
"../../Plugins/Editor/SpeedTreeImporter/Content/SpeedTree9/SpeedTreeBillboard.uasset" 551
"../../../Engine/Content/EngineResources/DefaultTexture.uasset" 552
"../../Plugins/Editor/SpeedTreeImporter/Content/SpeedTree9/SpeedTreeBillboardMaster.uasset" 553
"../../Plugins/Editor/SpeedTreeImporter/Content/SpeedTree9/SpeedTreeCameraFacing.uasset" 554
"../../Plugins/Editor/SpeedTreeImporter/Content/SpeedTree9/SpeedTreeMaster.uasset" 555
"../../../Engine/Content/Functions/Engine_MaterialFunctions02/Utility/BreakOutFloat4Components.uasset" 556
"../../Plugins/Runtime/Oculus/OculusVR/Content/Materials/OculusMR_ChromaKey.uasset" 557
"../../Plugins/Runtime/Oculus/OculusVR/Content/Materials/OculusMR_OpaqueColoredMaterial.uasset" 558
"../../Plugins/Runtime/Oculus/OculusVR/Content/Materials/PokeAHoleMaterial.uasset" 559
"../../../../GitHub Local Repo/DES203-Group-15/Content/CoreEngine/Geometry/Meshes/1M_Cube.uasset" 560
"../../../Engine/Content/EngineSky/T_Sky_Stars.uasset" 561
"../../../Engine/Content/EngineSky/T_Sky_Clouds_M.uasset" 562
"../../../Engine/Content/EngineSky/T_Sky_Blue.uasset" 563
"../../../Engine/Content/EngineSky/M_Sky_Panning_Clouds2.uasset" 564
"../../../Engine/Content/Functions/Engine_MaterialFunctions03/Procedurals/ComputeFilterWidth.uasset" 565
"../../../Engine/Content/EngineMaterials/AntiAliasedTextMaterialTranslucent.uasset" 566
"../../../../GitHub Local Repo/DES203-Group-15/Content/Maps/ArtTestMap_BuiltData.uasset" 567
"../../../../GitHub Local Repo/DES203-Group-15/Content/StarterContent/Placeholders/BP_PropSmall_Keyboard.uasset" 568
"../../../Engine/Content/EngineSky/SM_SkySphere.uasset" 569
"../../../Engine/Content/EngineSky/C_Sky_Zenith_Color.uasset" 570
"../../../Engine/Content/EngineSky/C_Sky_Horizon_Color.uasset" 571
"../../../Engine/Content/EngineSky/C_Sky_Cloud_Color.uasset" 572
"../../../Engine/Content/EngineSky/BP_Sky_Sphere.uasset" 573
"../../../../GitHub Local Repo/DES203-Group-15/Content/CoreEngine/FirstPerson/Textures/FirstPersonCrosshair.uasset" 574
"../../../../GitHub Local Repo/DES203-Group-15/Content/CoreEngine/FirstPersonBP/Blueprints/FirstPersonHUD.uasset" 575
"../../../../GitHub Local Repo/DES203-Group-15/Content/CoreEngine/FirstPersonBP/Blueprints/FirstPersonGameMode.uasset" 576
"../../../../GitHub Local Repo/DES203-Group-15/Content/StarterContent/Placeholders/BP_PropSmall_Chair.uasset" 577
"../../../../GitHub Local Repo/DES203-Group-15/Content/Maps/ArtTestMap.umap" 578
"../../../../GitHub Local Repo/DES203-Group-15/Content/Maps/FirstPersonExampleMap_BuiltData.uasset" 579
"../../../../GitHub Local Repo/DES203-Group-15/Content/StarterContent/Textures/T_Concrete_Grime_D.uasset" 580
"../../../../GitHub Local Repo/DES203-Group-15/Content/Props/Cans/CanUVs4.uasset" 581
"../../../../GitHub Local Repo/DES203-Group-15/Content/Props/Cans/CanUVs.uasset" 582
"../../../../GitHub Local Repo/DES203-Group-15/Content/Props/Cans/MM_Can_1.uasset" 583
"../../../../GitHub Local Repo/DES203-Group-15/Content/Props/Cans/M_Can_5.uasset" 584
"../../../../GitHub Local Repo/DES203-Group-15/Content/Props/Cans/SM_Can.uasset" 585
"../../../../GitHub Local Repo/DES203-Group-15/Content/Props/Cans/BP_PropSmall_Can_1.uasset" 586
"../../../../GitHub Local Repo/DES203-Group-15/Content/Props/Cans/BP_PropSmall_Can_5.uasset" 587
"../../../../GitHub Local Repo/DES203-Group-15/Content/Props/Cans/CanUVs3.uasset" 588
"../../../../GitHub Local Repo/DES203-Group-15/Content/Props/Cans/M_Can_4.uasset" 589
"../../../../GitHub Local Repo/DES203-Group-15/Content/Props/Cans/BP_PropSmall_Can_4.uasset" 590
"../../../../GitHub Local Repo/DES203-Group-15/Content/Props/Cans/CanUVs2.uasset" 591
"../../../../GitHub Local Repo/DES203-Group-15/Content/Props/Cans/M_Can_3.uasset" 592
"../../../../GitHub Local Repo/DES203-Group-15/Content/Props/Cans/BP_PropSmall_Can_3.uasset" 593
"../../../../GitHub Local Repo/DES203-Group-15/Content/Props/Cans/CanUVs1.uasset" 594
"../../../../GitHub Local Repo/DES203-Group-15/Content/Props/Cans/M_Can_2.uasset" 595
"../../../../GitHub Local Repo/DES203-Group-15/Content/Props/Cans/BP_PropSmall_Can_2.uasset" 596
"../../../../GitHub Local Repo/DES203-Group-15/Content/Props/M_Plant_Trunk.uasset" 597
"../../../../GitHub Local Repo/DES203-Group-15/Content/Props/M_Plant_Pot.uasset" 598
"../../../../GitHub Local Repo/DES203-Group-15/Content/Props/M_Plant_Leaf.uasset" 599
"../../../../GitHub Local Repo/DES203-Group-15/Content/Props/M_Plant_Dirt.uasset" 600
"../../../../GitHub Local Repo/DES203-Group-15/Content/Props/SM_Plant.uasset" 601
"../../../../GitHub Local Repo/DES203-Group-15/Content/Props/BP_PropSmall_Plant.uasset" 602
"../../../../GitHub Local Repo/DES203-Group-15/Content/Props/M_Mug.uasset" 603
"../../../../GitHub Local Repo/DES203-Group-15/Content/Props/SM_Mug.uasset" 604
"../../../../GitHub Local Repo/DES203-Group-15/Content/Props/BP_PropSmall_Mug.uasset" 605
"../../../../GitHub Local Repo/DES203-Group-15/Content/Props/M_Keyboard_Keys.uasset" 606
"../../../../GitHub Local Repo/DES203-Group-15/Content/Props/M_Keyboard_Base.uasset" 607
"../../../../GitHub Local Repo/DES203-Group-15/Content/Props/SM_Keyboard.uasset" 608
"../../../../GitHub Local Repo/DES203-Group-15/Content/Props/BP_PropSmall_KB.uasset" 609
"../../../../GitHub Local Repo/DES203-Group-15/Content/CoreEngine/FirstPerson/Meshes/CubeMaterialOverride.uasset" 610
"../../../../GitHub Local Repo/DES203-Group-15/Content/Props/M_Printer_Details.uasset" 611
"../../../../GitHub Local Repo/DES203-Group-15/Content/Props/M_Printer_Base.uasset" 612
"../../../../GitHub Local Repo/DES203-Group-15/Content/Props/SM_Printer.uasset" 613
"../../../../GitHub Local Repo/DES203-Group-15/Content/Props/BP_PropLarge_Printer.uasset" 614
"../../../../GitHub Local Repo/DES203-Group-15/Content/Mannequin/Character/Materials/M_Male_Body_Red.uasset" 615
"../../../../GitHub Local Repo/DES203-Group-15/Content/CoreEngine/FirstPersonBP/Blueprints/WBP_EnemyHealthbar.uasset" 616
"../../../../GitHub Local Repo/DES203-Group-15/Content/Characters/AIBase/AI_EnemyBasic.uasset" 617
"../../../../GitHub Local Repo/DES203-Group-15/Content/Maps/FirstPersonExampleMap.umap" 618
"../../../../GitHub Local Repo/DES203-Group-15/Content/Characters/Enemy/Trojan/tail_TXTR.uasset" 619
"../../../../GitHub Local Repo/DES203-Group-15/Content/Characters/Enemy/Trojan/tail.uasset" 620
"../../../../GitHub Local Repo/DES203-Group-15/Content/Characters/Enemy/Trojan/TROJAN_Character_tail.uasset" 621
"../../../../GitHub Local Repo/DES203-Group-15/Content/Characters/Enemy/Trojan/Rings2_TXTR.uasset" 622
"../../../../GitHub Local Repo/DES203-Group-15/Content/Characters/Enemy/Trojan/Rings2.uasset" 623
"../../../../GitHub Local Repo/DES203-Group-15/Content/Characters/Enemy/Trojan/TROJAN_Character_Rings2.uasset" 624
"../../../../GitHub Local Repo/DES203-Group-15/Content/Characters/Enemy/Trojan/Mouth_TXTR.uasset" 625
"../../../../GitHub Local Repo/DES203-Group-15/Content/Characters/Enemy/Trojan/Mouth.uasset" 626
"../../../../GitHub Local Repo/DES203-Group-15/Content/Characters/Enemy/Trojan/TROJAN_Character_Mouth.uasset" 627
"../../../../GitHub Local Repo/DES203-Group-15/Content/Characters/Enemy/Trojan/mane_TXTR.uasset" 628
"../../../../GitHub Local Repo/DES203-Group-15/Content/Characters/Enemy/Trojan/mane.uasset" 629
"../../../../GitHub Local Repo/DES203-Group-15/Content/Characters/Enemy/Trojan/TROJAN_Character_mane.uasset" 630
"../../../../GitHub Local Repo/DES203-Group-15/Content/Characters/Enemy/Trojan/Front_TXTR.uasset" 631
"../../../../GitHub Local Repo/DES203-Group-15/Content/Characters/Enemy/Trojan/Front.uasset" 632
"../../../../GitHub Local Repo/DES203-Group-15/Content/Characters/Enemy/Trojan/TROJAN_Character_Front.uasset" 633
"../../../../GitHub Local Repo/DES203-Group-15/Content/Characters/Enemy/Trojan/ears_TXTR.uasset" 634
"../../../../GitHub Local Repo/DES203-Group-15/Content/Characters/Enemy/Trojan/ears.uasset" 635
"../../../../GitHub Local Repo/DES203-Group-15/Content/Characters/Enemy/Trojan/TROJAN_Character_ears.uasset" 636
"../../../../GitHub Local Repo/DES203-Group-15/Content/Characters/Enemy/Trojan/Ass_TXTR.uasset" 637
"../../../../GitHub Local Repo/DES203-Group-15/Content/Characters/Enemy/Trojan/Ass.uasset" 638
"../../../../GitHub Local Repo/DES203-Group-15/Content/Characters/Enemy/Trojan/TROJAN_Character_Ass.uasset" 639
"../../../Engine/Content/MapTemplates/SM_Template_Map_Floor.uasset" 640
"../../../../GitHub Local Repo/DES203-Group-15/Content/Decals/worm-sins.uasset" 641
"../../../../GitHub Local Repo/DES203-Group-15/Content/Decals/M_Decal_WormSins.uasset" 642
"../../../../GitHub Local Repo/DES203-Group-15/Content/Decals/update-virus.uasset" 643
"../../../../GitHub Local Repo/DES203-Group-15/Content/Decals/M_Decal_UpdateVirus.uasset" 644
"../../../../GitHub Local Repo/DES203-Group-15/Content/Decals/positive-message.uasset" 645
"../../../../GitHub Local Repo/DES203-Group-15/Content/Decals/M_Decal_PositiveMessage.uasset" 646
"../../../../GitHub Local Repo/DES203-Group-15/Content/Decals/hang-in-there.uasset" 647
"../../../../GitHub Local Repo/DES203-Group-15/Content/Decals/M_Decal_HangInThere.uasset" 648
"../../../../GitHub Local Repo/DES203-Group-15/Content/Maps/Map_Level1_BuiltData.uasset" 649
"../../../../GitHub Local Repo/DES203-Group-15/Content/Characters/Enemy/Meoware/FBX/SKM_Meoware_Skeleton.uasset" 650
"../../../../GitHub Local Repo/DES203-Group-15/Content/Characters/Enemy/Meoware/FBX/Animations/SKM_Meoware_anim_Anim_Cat_Walk.uasset" 651
"../../../../GitHub Local Repo/DES203-Group-15/Content/Characters/Enemy/Meoware/FBX/Animations/SKM_Meoware_anim_Anim_Idle.uasset" 652
"../../../../GitHub Local Repo/DES203-Group-15/Content/Characters/Enemy/Meoware/Walk.uasset" 653
"../../../../GitHub Local Repo/DES203-Group-15/Content/Characters/Enemy/Meoware/BP_Animation_Meo.uasset" 654
"../../../../GitHub Local Repo/DES203-Group-15/Content/Characters/Enemy/Meoware/FBX/Meoware_catV1_TXTR.uasset" 655
"../../../../GitHub Local Repo/DES203-Group-15/Content/Characters/Enemy/Meoware/FBX/Meoware_catV1.uasset" 656
"../../../../GitHub Local Repo/DES203-Group-15/Content/Characters/Enemy/Meoware/FBX/TV_1_TXTR.uasset" 657
"../../../../GitHub Local Repo/DES203-Group-15/Content/Characters/Enemy/Meoware/FBX/TV_1.uasset" 658
"../../../../GitHub Local Repo/DES203-Group-15/Content/Characters/Enemy/Meoware/FBX/TV_3_TXTR.uasset" 659
"../../../../GitHub Local Repo/DES203-Group-15/Content/Characters/Enemy/Meoware/FBX/TV_3.uasset" 660
"../../../../GitHub Local Repo/DES203-Group-15/Content/Characters/Enemy/Meoware/FBX/TV_2_TXTR.uasset" 661
"../../../../GitHub Local Repo/DES203-Group-15/Content/Characters/Enemy/Meoware/FBX/TV_2.uasset" 662
"../../../../GitHub Local Repo/DES203-Group-15/Content/Characters/Enemy/Meoware/FBX/SKM_Meoware_PhysicsAsset.uasset" 663
"../../../../GitHub Local Repo/DES203-Group-15/Content/Characters/Enemy/Meoware/FBX/PM3D_Sphereinder3D1_TXTR.uasset" 664
"../../../../GitHub Local Repo/DES203-Group-15/Content/Characters/Enemy/Meoware/FBX/PM3D_Sphereinder3D1.uasset" 665
"../../../../GitHub Local Repo/DES203-Group-15/Content/Characters/Enemy/Meoware/FBX/SKM_Meoware.uasset" 666
"../../../../GitHub Local Repo/DES203-Group-15/Content/Characters/AIBase/AI_EnemyMeowareV1.uasset" 667
"../../../../GitHub Local Repo/DES203-Group-15/Content/Maps/Map_Level1.umap" 668
"../../../Engine/Content/EditorMeshes/ColorCalibrator/M_GreyBall.uasset" 669
"../../../Engine/Content/EditorMeshes/ColorCalibrator/Color_checker.uasset" 670
"../../../Engine/Content/EditorMeshes/ColorCalibrator/M_ColorGrid.uasset" 671
"../../../Engine/Content/EditorMeshes/ColorCalibrator/M_ClearCoatBlack.uasset" 672
"../../../Engine/Content/EditorMeshes/ColorCalibrator/M_ClearCoat.uasset" 673
"../../../Engine/Content/EditorMeshes/ColorCalibrator/M_ChromeBall.uasset" 674
"../../../Engine/Content/EditorMeshes/ColorCalibrator/SM_ColorCalibrator.uasset" 675
"../../../../GitHub Local Repo/DES203-Group-15/Content/StarterContent/Maps/Advanced_Lighting_BuiltData.uasset" 676
"../../../../GitHub Local Repo/DES203-Group-15/Content/StarterContent/HDRI/HDRI_Epic_Courtyard_Daylight.uasset" 677
"../../../Engine/Content/MapTemplates/Sky/DaylightAmbientCubemap.uasset" 678
"../../../../GitHub Local Repo/DES203-Group-15/Content/StarterContent/Blueprints/Assets/M_LightStage_Skybox_Master.uasset" 679
"../../../../GitHub Local Repo/DES203-Group-15/Content/StarterContent/Blueprints/Assets/M_LightStage_Skybox_HDRI.uasset" 680
"../../../../GitHub Local Repo/DES203-Group-15/Content/StarterContent/Blueprints/Assets/M_LightStage_Arrows.uasset" 681
"../../../../GitHub Local Repo/DES203-Group-15/Content/StarterContent/Blueprints/Assets/SM_Arrows.uasset" 682
"../../../Engine/Content/EditorMaterials/Thumbnails/SkySphereMaterial.uasset" 683
"../../../../GitHub Local Repo/DES203-Group-15/Content/StarterContent/Blueprints/Assets/Skybox.uasset" 684
"../../../../GitHub Local Repo/DES203-Group-15/Content/StarterContent/Blueprints/Assets/M_LightStage_Skybox_Black.uasset" 685
"../../../../GitHub Local Repo/DES203-Group-15/Content/StarterContent/Blueprints/Assets/SunlightColorLUT.uasset" 686
"../../../../GitHub Local Repo/DES203-Group-15/Content/StarterContent/Blueprints/Assets/FogBrightnessLUT.uasset" 687
"../../../../GitHub Local Repo/DES203-Group-15/Content/StarterContent/Blueprints/BP_LightStudio.uasset" 688
"../../../../GitHub Local Repo/DES203-Group-15/Content/StarterContent/Materials/M_AssetPlatform.uasset" 689
"../../../../GitHub Local Repo/DES203-Group-15/Content/StarterContent/Architecture/SM_AssetPlatform.uasset" 690
"../../../../GitHub Local Repo/DES203-Group-15/Content/StarterContent/Maps/Advanced_Lighting.umap" 691
"../../../../GitHub Local Repo/DES203-Group-15/Content/StarterContent/Textures/T_TableRound_N.uasset" 692
"../../../../GitHub Local Repo/DES203-Group-15/Content/StarterContent/Textures/T_TableRound_M.uasset" 693
"../../../../GitHub Local Repo/DES203-Group-15/Content/StarterContent/Props/Materials/M_TableRound.uasset" 694
"../../../../GitHub Local Repo/DES203-Group-15/Content/StarterContent/Props/SM_TableRound.uasset" 695
"../../../../GitHub Local Repo/DES203-Group-15/Content/StarterContent/Textures/T_Statue_N.uasset" 696
"../../../../GitHub Local Repo/DES203-Group-15/Content/StarterContent/Textures/T_Statue_M.uasset" 697
"../../../../GitHub Local Repo/DES203-Group-15/Content/StarterContent/Props/Materials/M_Statue.uasset" 698
"../../../../GitHub Local Repo/DES203-Group-15/Content/StarterContent/Props/Materials/M_StatueGlass.uasset" 699
"../../../../GitHub Local Repo/DES203-Group-15/Content/StarterContent/Props/SM_Statue.uasset" 700
"../../../../GitHub Local Repo/DES203-Group-15/Content/StarterContent/Props/SM_Chair.uasset" 701
"../../../../GitHub Local Repo/DES203-Group-15/Content/StarterContent/Textures/T_Metal_Copper_D.uasset" 702
"../../../../GitHub Local Repo/DES203-Group-15/Content/StarterContent/Textures/T_Metal_Gold_N.uasset" 703
"../../../../GitHub Local Repo/DES203-Group-15/Content/StarterContent/Textures/T_MacroVariation.uasset" 704
"../../../../GitHub Local Repo/DES203-Group-15/Content/StarterContent/Materials/M_Metal_Copper.uasset" 705
"../../../../GitHub Local Repo/DES203-Group-15/Content/StarterContent/Textures/T_Metal_Aluminum_D.uasset" 706
"../../../../GitHub Local Repo/DES203-Group-15/Content/StarterContent/Materials/M_Metal_Burnished_Steel.uasset" 707
"../../../../GitHub Local Repo/DES203-Group-15/Content/StarterContent/Materials/M_Metal_Brushed_Nickel.uasset" 708
"../../../../GitHub Local Repo/DES203-Group-15/Content/StarterContent/Maps/Minimal_Default_BuiltData.uasset" 709
"../../../../GitHub Local Repo/DES203-Group-15/Content/StarterContent/Audio/Starter_Background_Cue.uasset" 710
"../../../../GitHub Local Repo/DES203-Group-15/Content/StarterContent/Architecture/Floor_400x400.uasset" 711
"../../../../GitHub Local Repo/DES203-Group-15/Content/StarterContent/Maps/Minimal_Default.umap" 712
"../../../../GitHub Local Repo/DES203-Group-15/Content/StarterContent/Textures/T_Frame_N.uasset" 713
"../../../../GitHub Local Repo/DES203-Group-15/Content/StarterContent/Textures/T_Frame_M.uasset" 714
"../../../../GitHub Local Repo/DES203-Group-15/Content/StarterContent/Props/Materials/M_Frame.uasset" 715
"../../../../GitHub Local Repo/DES203-Group-15/Content/StarterContent/Props/SM_WindowFrame.uasset" 716
"../../../../GitHub Local Repo/DES203-Group-15/Content/StarterContent/Props/SM_PillarFrame300.uasset" 717
"../../../../GitHub Local Repo/DES203-Group-15/Content/StarterContent/Props/SM_PillarFrame.uasset" 718
"../../../../GitHub Local Repo/DES203-Group-15/Content/StarterContent/Props/SM_GlassWindow.uasset" 719
"../../../../GitHub Local Repo/DES203-Group-15/Content/StarterContent/Props/SM_DoorFrame.uasset" 720
"../../../../GitHub Local Repo/DES203-Group-15/Content/StarterContent/Props/SM_CornerFrame.uasset" 721
"../../../../GitHub Local Repo/DES203-Group-15/Content/StarterContent/Props/MaterialSphere.uasset" 722
"../../../../GitHub Local Repo/DES203-Group-15/Content/StarterContent/Textures/T_Dust_Particle_D.uasset" 723
"../../../../GitHub Local Repo/DES203-Group-15/Content/StarterContent/Particles/Materials/M_Dust_Particle.uasset" 724
"../../../../GitHub Local Repo/DES203-Group-15/Content/StarterContent/Particles/P_Ambient_Dust.uasset" 725
"../../../../GitHub Local Repo/DES203-Group-15/Content/StarterContent/Textures/T_Wood_Walnut_N.uasset" 726
"../../../../GitHub Local Repo/DES203-Group-15/Content/StarterContent/Textures/T_Wood_Walnut_D.uasset" 727
"../../../../GitHub Local Repo/DES203-Group-15/Content/StarterContent/Materials/M_Wood_Walnut.uasset" 728
"../../../../GitHub Local Repo/DES203-Group-15/Content/StarterContent/Textures/T_Wood_Pine_N.uasset" 729
"../../../../GitHub Local Repo/DES203-Group-15/Content/StarterContent/Textures/T_Wood_Pine_D.uasset" 730
"../../../../GitHub Local Repo/DES203-Group-15/Content/StarterContent/Textures/T_Perlin_Noise_M.uasset" 731
"../../../../GitHub Local Repo/DES203-Group-15/Content/StarterContent/Materials/M_Wood_Pine.uasset" 732
"../../../../GitHub Local Repo/DES203-Group-15/Content/StarterContent/Textures/T_Wood_Oak_N.uasset" 733
"../../../../GitHub Local Repo/DES203-Group-15/Content/StarterContent/Textures/T_Wood_Oak_D.uasset" 734
"../../../../GitHub Local Repo/DES203-Group-15/Content/StarterContent/Materials/M_Wood_Oak.uasset" 735
"../../../Engine/Content/Functions/Engine_MaterialFunctions01/Opacity/AlphaOffset.uasset" 736
"../../../../GitHub Local Repo/DES203-Group-15/Content/StarterContent/Textures/T_Wood_Floor_Walnut_N.uasset" 737
"../../../../GitHub Local Repo/DES203-Group-15/Content/StarterContent/Textures/T_Wood_Floor_Walnut_M.uasset" 738
"../../../../GitHub Local Repo/DES203-Group-15/Content/StarterContent/Textures/T_Wood_Floor_Walnut_D.uasset" 739
"../../../../GitHub Local Repo/DES203-Group-15/Content/StarterContent/Materials/M_Wood_Floor_Walnut_Worn.uasset" 740
"../../../../GitHub Local Repo/DES203-Group-15/Content/StarterContent/Materials/M_Wood_Floor_Walnut_Polished.uasset" 741
"../../../../GitHub Local Repo/DES203-Group-15/Content/StarterContent/Textures/T_Water_M.uasset" 742
"../../../../GitHub Local Repo/DES203-Group-15/Content/StarterContent/Textures/T_Water_N.uasset" 743
"../../../../GitHub Local Repo/DES203-Group-15/Content/StarterContent/Materials/M_Water_Ocean.uasset" 744
"../../../../GitHub Local Repo/DES203-Group-15/Content/StarterContent/Materials/M_Water_Lake.uasset" 745
"../../../../GitHub Local Repo/DES203-Group-15/Content/StarterContent/Textures/T_Tech_Panel_N.uasset" 746
"../../../../GitHub Local Repo/DES203-Group-15/Content/StarterContent/Textures/T_Tech_Panel_M.uasset" 747
"../../../../GitHub Local Repo/DES203-Group-15/Content/StarterContent/Textures/T_Metal_Steel_D.uasset" 748
"../../../../GitHub Local Repo/DES203-Group-15/Content/StarterContent/Materials/M_Tech_Panel.uasset" 749
"../../../../GitHub Local Repo/DES203-Group-15/Content/StarterContent/Textures/T_Tech_Hex_Tile_N.uasset" 750
"../../../../GitHub Local Repo/DES203-Group-15/Content/StarterContent/Textures/T_Tech_Hex_Tile_M.uasset" 751
"../../../../GitHub Local Repo/DES203-Group-15/Content/StarterContent/Materials/M_Tech_Hex_Tile_Pulse.uasset" 752
"../../../../GitHub Local Repo/DES203-Group-15/Content/StarterContent/Materials/M_Tech_Hex_Tile.uasset" 753
"../../../../GitHub Local Repo/DES203-Group-15/Content/StarterContent/Textures/T_Tech_Dot_N.uasset" 754
"../../../../GitHub Local Repo/DES203-Group-15/Content/StarterContent/Textures/T_Tech_Dot_M.uasset" 755
"../../../../GitHub Local Repo/DES203-Group-15/Content/StarterContent/Textures/T_Single_Tile_N.uasset" 756
"../../../../GitHub Local Repo/DES203-Group-15/Content/StarterContent/Textures/T_Checker_Noise_M.uasset" 757
"../../../../GitHub Local Repo/DES203-Group-15/Content/StarterContent/Materials/M_Tech_Checker_Dot.uasset" 758
"../../../../GitHub Local Repo/DES203-Group-15/Content/StarterContent/Textures/T_Rock_Slate_N.uasset" 759
"../../../../GitHub Local Repo/DES203-Group-15/Content/StarterContent/Textures/T_Rock_Slate_D.uasset" 760
"../../../../GitHub Local Repo/DES203-Group-15/Content/StarterContent/Materials/M_Rock_Slate.uasset" 761
"../../../../GitHub Local Repo/DES203-Group-15/Content/StarterContent/Textures/T_Rock_Sandstone_N.uasset" 762
"../../../../GitHub Local Repo/DES203-Group-15/Content/StarterContent/Textures/T_Rock_Sandstone_D.uasset" 763
"../../../../GitHub Local Repo/DES203-Group-15/Content/StarterContent/Materials/M_Rock_Sandstone.uasset" 764
"../../../../GitHub Local Repo/DES203-Group-15/Content/StarterContent/Textures/T_Rock_Marble_Polished_D.uasset" 765
"../../../../GitHub Local Repo/DES203-Group-15/Content/StarterContent/Materials/M_Rock_Marble_Polished.uasset" 766
"../../../../GitHub Local Repo/DES203-Group-15/Content/StarterContent/Textures/T_Rock_Basalt_N.uasset" 767
"../../../../GitHub Local Repo/DES203-Group-15/Content/StarterContent/Materials/M_Rock_Basalt.uasset" 768
"../../../../GitHub Local Repo/DES203-Group-15/Content/StarterContent/Textures/T_Metal_Steel_N.uasset" 769
"../../../../GitHub Local Repo/DES203-Group-15/Content/StarterContent/Materials/M_Metal_Steel.uasset" 770
"../../../../GitHub Local Repo/DES203-Group-15/Content/StarterContent/Textures/T_Metal_Rust_D.uasset" 771
"../../../../GitHub Local Repo/DES203-Group-15/Content/StarterContent/Textures/T_Metal_Rust_N.uasset" 772
"../../../../GitHub Local Repo/DES203-Group-15/Content/StarterContent/Materials/M_Metal_Rust.uasset" 773
"../../../../GitHub Local Repo/DES203-Group-15/Content/StarterContent/Textures/T_Metal_Gold_D.uasset" 774
"../../../../GitHub Local Repo/DES203-Group-15/Content/StarterContent/Materials/M_Metal_Gold.uasset" 775
"../../../../GitHub Local Repo/DES203-Group-15/Content/StarterContent/Materials/M_Metal_Chrome.uasset" 776
"../../../../GitHub Local Repo/DES203-Group-15/Content/StarterContent/Textures/T_Ground_Moss_N.uasset" 777
"../../../../GitHub Local Repo/DES203-Group-15/Content/StarterContent/Textures/T_ground_Moss_D.uasset" 778
"../../../../GitHub Local Repo/DES203-Group-15/Content/StarterContent/Materials/M_Ground_Moss.uasset" 779
"../../../../GitHub Local Repo/DES203-Group-15/Content/StarterContent/Textures/T_Ground_Gravel_N.uasset" 780
"../../../../GitHub Local Repo/DES203-Group-15/Content/StarterContent/Textures/T_Ground_Gravel_D.uasset" 781
"../../../../GitHub Local Repo/DES203-Group-15/Content/StarterContent/Materials/M_Ground_Gravel.uasset" 782
"../../../../GitHub Local Repo/DES203-Group-15/Content/StarterContent/Textures/T_Ground_Grass_N.uasset" 783
"../../../../GitHub Local Repo/DES203-Group-15/Content/StarterContent/Textures/T_Ground_Grass_D.uasset" 784
"../../../../GitHub Local Repo/DES203-Group-15/Content/StarterContent/Materials/M_Ground_Grass.uasset" 785
"../../../../GitHub Local Repo/DES203-Group-15/Content/StarterContent/Textures/T_Concrete_Tiles_Variation_M.uasset" 786
"../../../../GitHub Local Repo/DES203-Group-15/Content/StarterContent/Materials/M_Concrete_Tiles.uasset" 787
"../../../../GitHub Local Repo/DES203-Group-15/Content/StarterContent/Textures/T_Concrete_Panels_N.uasset" 788
"../../../../GitHub Local Repo/DES203-Group-15/Content/StarterContent/Textures/T_Concrete_Panels_D.uasset" 789
"../../../../GitHub Local Repo/DES203-Group-15/Content/StarterContent/Materials/M_Concrete_Panels.uasset" 790
"../../../../GitHub Local Repo/DES203-Group-15/Content/StarterContent/Materials/M_Concrete_Grime.uasset" 791
"../../../../GitHub Local Repo/DES203-Group-15/Content/StarterContent/Textures/T_CobbleStone_Smooth_N.uasset" 792
"../../../../GitHub Local Repo/DES203-Group-15/Content/StarterContent/Textures/T_CobbleStone_Smooth_M.uasset" 793
"../../../../GitHub Local Repo/DES203-Group-15/Content/StarterContent/Textures/T_CobbleStone_Smooth_D.uasset" 794
"../../../../GitHub Local Repo/DES203-Group-15/Content/StarterContent/Textures/T_Rock_Smooth_Granite_D.uasset" 795
"../../../../GitHub Local Repo/DES203-Group-15/Content/StarterContent/Textures/T_Gradinet_01.uasset" 796
"../../../../GitHub Local Repo/DES203-Group-15/Content/StarterContent/Materials/M_CobbleStone_Smooth.uasset" 797
"../../../../GitHub Local Repo/DES203-Group-15/Content/StarterContent/Textures/T_CobbleStone_Rough_N.uasset" 798
"../../../../GitHub Local Repo/DES203-Group-15/Content/StarterContent/Textures/T_CobbleStone_Rough_D.uasset" 799
"../../../../GitHub Local Repo/DES203-Group-15/Content/StarterContent/Materials/M_CobbleStone_Rough.uasset" 800
"../../../../GitHub Local Repo/DES203-Group-15/Content/StarterContent/Textures/T_CobbleStone_Pebble_N.uasset" 801
"../../../../GitHub Local Repo/DES203-Group-15/Content/StarterContent/Textures/T_CobbleStone_Pebble_M.uasset" 802
"../../../../GitHub Local Repo/DES203-Group-15/Content/StarterContent/Textures/T_CobbleStone_Pebble_D.uasset" 803
"../../../../GitHub Local Repo/DES203-Group-15/Content/StarterContent/Materials/M_CobbleStone_Pebble.uasset" 804
"../../../../GitHub Local Repo/DES203-Group-15/Content/StarterContent/Textures/T_Ceramic_Tile_N.uasset" 805
"../../../../GitHub Local Repo/DES203-Group-15/Content/StarterContent/Textures/T_Ceramic_Tile_M.uasset" 806
"../../../../GitHub Local Repo/DES203-Group-15/Content/StarterContent/Materials/M_Ceramic_Tile_Checker.uasset" 807
"../../../../GitHub Local Repo/DES203-Group-15/Content/StarterContent/Textures/T_Brick_Hewn_Stone_N.uasset" 808
"../../../../GitHub Local Repo/DES203-Group-15/Content/StarterContent/Textures/T_Brick_Hewn_Stone_M.uasset" 809
"../../../../GitHub Local Repo/DES203-Group-15/Content/StarterContent/Textures/T_Brick_Hewn_Stone_D.uasset" 810
"../../../../GitHub Local Repo/DES203-Group-15/Content/StarterContent/Materials/M_Brick_Hewn_Stone.uasset" 811
"../../../../GitHub Local Repo/DES203-Group-15/Content/StarterContent/Textures/T_Brick_Cut_Stone_N.uasset" 812
"../../../../GitHub Local Repo/DES203-Group-15/Content/StarterContent/Textures/T_Brick_Cut_Stone_D.uasset" 813
"../../../../GitHub Local Repo/DES203-Group-15/Content/StarterContent/Materials/M_Brick_Cut_Stone.uasset" 814
"../../../../GitHub Local Repo/DES203-Group-15/Content/StarterContent/Textures/T_Brick_Clay_Old_N.uasset" 815
"../../../../GitHub Local Repo/DES203-Group-15/Content/StarterContent/Textures/T_Brick_Clay_Old_D.uasset" 816
"../../../../GitHub Local Repo/DES203-Group-15/Content/StarterContent/Materials/M_Brick_Clay_Old.uasset" 817
"../../../../GitHub Local Repo/DES203-Group-15/Content/StarterContent/Textures/T_Brick_Clay_New_N.uasset" 818
"../../../../GitHub Local Repo/DES203-Group-15/Content/StarterContent/Textures/T_Brick_Clay_New_M.uasset" 819
"../../../../GitHub Local Repo/DES203-Group-15/Content/StarterContent/Textures/T_Brick_Clay_New_D.uasset" 820
"../../../../GitHub Local Repo/DES203-Group-15/Content/StarterContent/Materials/M_Brick_Clay_New.uasset" 821
"../../../../GitHub Local Repo/DES203-Group-15/Content/StarterContent/Textures/T_Brick_Clay_Beveled_N.uasset" 822
"../../../../GitHub Local Repo/DES203-Group-15/Content/StarterContent/Textures/T_Brick_Clay_Beveled_M.uasset" 823
"../../../../GitHub Local Repo/DES203-Group-15/Content/StarterContent/Textures/T_Brick_Clay_Beveled_D.uasset" 824
"../../../../GitHub Local Repo/DES203-Group-15/Content/StarterContent/Materials/M_Brick_Clay_Beveled.uasset" 825
"../../../../GitHub Local Repo/DES203-Group-15/Content/StarterContent/Maps/StarterMap_BuiltData.uasset" 826
"../../../../GitHub Local Repo/DES203-Group-15/Content/StarterContent/Textures/T_Concrete_Poured_N.uasset" 827
"../../../../GitHub Local Repo/DES203-Group-15/Content/StarterContent/Textures/T_Concrete_Poured_D.uasset" 828
"../../../../GitHub Local Repo/DES203-Group-15/Content/StarterContent/Materials/M_Concrete_Poured.uasset" 829
"../../../../GitHub Local Repo/DES203-Group-15/Content/StarterContent/Textures/T_Lamp_N.uasset" 830
"../../../../GitHub Local Repo/DES203-Group-15/Content/StarterContent/Textures/T_Lamp_M.uasset" 831
"../../../../GitHub Local Repo/DES203-Group-15/Content/StarterContent/Props/Materials/M_Lamp.uasset" 832
"../../../../GitHub Local Repo/DES203-Group-15/Content/StarterContent/Props/SM_Lamp_Wall.uasset" 833
"../../../../GitHub Local Repo/DES203-Group-15/Content/StarterContent/Blueprints/Blueprint_WallSconce.uasset" 834
"../../../../GitHub Local Repo/DES203-Group-15/Content/StarterContent/Particles/P_Steam_Lit.uasset" 835
"../../../../GitHub Local Repo/DES203-Group-15/Content/StarterContent/Audio/Steam01_Cue.uasset" 836
"../../../../GitHub Local Repo/DES203-Group-15/Content/StarterContent/Blueprints/Blueprint_Effect_Steam.uasset" 837
"../../../../GitHub Local Repo/DES203-Group-15/Content/StarterContent/Textures/T_Spark_Core.uasset" 838
"../../../../GitHub Local Repo/DES203-Group-15/Content/StarterContent/Particles/Materials/M_Spark.uasset" 839
"../../../../GitHub Local Repo/DES203-Group-15/Content/StarterContent/Particles/Materials/M_Radial_Gradient.uasset" 840
"../../../../GitHub Local Repo/DES203-Group-15/Content/StarterContent/Particles/P_Sparks.uasset" 841
"../../../../GitHub Local Repo/DES203-Group-15/Content/StarterContent/Audio/Fire_Sparks01_Cue.uasset" 842
"../../../../GitHub Local Repo/DES203-Group-15/Content/StarterContent/Blueprints/Blueprint_Effect_Sparks.uasset" 843
"../../../../GitHub Local Repo/DES203-Group-15/Content/StarterContent/Particles/P_Smoke.uasset" 844
"../../../../GitHub Local Repo/DES203-Group-15/Content/StarterContent/Audio/Smoke01_Cue.uasset" 845
"../../../../GitHub Local Repo/DES203-Group-15/Content/StarterContent/Blueprints/Blueprint_Effect_Smoke.uasset" 846
"../../../../GitHub Local Repo/DES203-Group-15/Content/StarterContent/Particles/Materials/M_Heat_Distortion.uasset" 847
"../../../../GitHub Local Repo/DES203-Group-15/Content/StarterContent/Textures/T_Fire_Tiled_D.uasset" 848
"../../../../GitHub Local Repo/DES203-Group-15/Content/StarterContent/Textures/T_Fire_SubUV.uasset" 849
"../../../../GitHub Local Repo/DES203-Group-15/Content/StarterContent/Particles/Materials/M_Fire_SubUV.uasset" 850
"../../../../GitHub Local Repo/DES203-Group-15/Content/StarterContent/Particles/P_Fire.uasset" 851
"../../../../GitHub Local Repo/DES203-Group-15/Content/StarterContent/Audio/Fire01_Cue.uasset" 852
"../../../../GitHub Local Repo/DES203-Group-15/Content/StarterContent/Blueprints/Blueprint_Effect_Fire.uasset" 853
"../../../../GitHub Local Repo/DES203-Group-15/Content/StarterContent/Shapes/Shape_Sphere.uasset" 854
"../../../../GitHub Local Repo/DES203-Group-15/Content/StarterContent/Shapes/Shape_QuadPyramid.uasset" 855
"../../../../GitHub Local Repo/DES203-Group-15/Content/StarterContent/Shapes/Shape_Cube.uasset" 856
"../../../../GitHub Local Repo/DES203-Group-15/Content/StarterContent/Props/SM_Lamp_Ceiling.uasset" 857
"../../../../GitHub Local Repo/DES203-Group-15/Content/StarterContent/Blueprints/Blueprint_CeilingLight.uasset" 858
"../../../../GitHub Local Repo/DES203-Group-15/Content/StarterContent/Audio/Starter_Music_Cue.uasset" 859
"../../../../GitHub Local Repo/DES203-Group-15/Content/StarterContent/Audio/Collapse_Cue.uasset" 860
"../../../../GitHub Local Repo/DES203-Group-15/Content/StarterContent/Architecture/Wall_Window_400x300.uasset" 861
"../../../../GitHub Local Repo/DES203-Group-15/Content/StarterContent/Architecture/Wall_Door_400x300.uasset" 862
"../../../../GitHub Local Repo/DES203-Group-15/Content/StarterContent/Architecture/Wall_400x200.uasset" 863
"../../../../GitHub Local Repo/DES203-Group-15/Content/StarterContent/Maps/StarterMap.umap" 864
"../../../Engine/Content/Maps/Entry_BuiltData.uasset" 865
"../../../Engine/Content/Maps/Entry.umap" 866
